0.094 0.96 0.84 0.99 0.97 0.83 
0.8 0.22 0.2 0.38 0.34 0.97 
0.13 0.81 0.43 0.69 0.14 0.79 0.88 0.56 0.64 
0.36 0.7 0.84 0.85 0.49 0.29 0.24 0.65 0.53 
0.025 0.47 0.15 0.58 0.81 0.066 0.16 0.88 0.59 
0.47 0.25 0.38 0.26 0.34 0.33 0.25 0.17 0.71 
0.93 0.84 0.97 0.83 0.014 0.96 0.064 0.69 0.74 
0.094 0.85 0.23 0.15 0.56 0.71 0.16 0.33 0.57 
0.15 0.0054 0.25 0.057 0.56 0.25 0.96 0.55 0.36 
0.26 0.55 0.7 0.12 0.064 0.27 0.076 0.23 0.039 
0.68 0.21 0.14 0.83 0.3 0.77 0.81 0.27 0.23 
0.35 0.4 0.63 0.67 0.61 0.88 0.64 0.024 0.1 
0.97 0.41 0.64 0.52 0.7 0.97 
0.78 0.76 0.95 0.19 0.75 0.97 

0.094 0.96 0.84 0.99 0.97 0.83 
0.8 0.22 0.2 0.38 0.34 0.97 
0.13 0.81 0.43 0.69 0.14 0.79 0.88 0.56 0.64 
0.36 0.7 0.84 0.85 0.49 0.29 0.24 0.65 0.53 
0.025 0.47 0.15 0.58 0.81 0.066 0.16 0.88 0.59 
0.47 0.25 0.38 0.26 0.34 0.33 0.25 0.17 0.71 
0.93 0.84 0.97 0.83 0.014 0.96 0.064 0.69 0.74 
0.094 0.85 0.23 0.15 0.56 0.71 0.16 0.33 0.57 
0.15 0.0054 0.25 0.057 0.56 0.25 0.96 0.55 0.36 
0.26 0.55 0.7 0.12 0.064 0.27 0.076 0.23 0.039 
0.68 0.21 0.14 0.83 0.3 0.77 0.81 0.27 0.23 
0.35 0.4 0.63 0.67 0.61 0.88 0.64 0.024 0.1 
0.97 0.41 0.64 0.52 0.7 0.97 
0.78 0.76 0.95 0.19 0.75 0.97 

0.094 0.96 0.84 0.99 0.97 0.83 
0.8 0.22 0.2 0.38 0.34 0.97 
0.13 0.81 0.43 0.69 0.14 0.79 0.88 0.56 0.64 
0.36 0.7 0.84 0.85 0.49 0.29 0.24 0.65 0.53 
0.025 0.47 0.15 0.58 0.81 0.066 0.16 0.88 0.59 
0.47 0.25 0.38 0.26 0.34 0.33 0.25 0.17 0.71 
0.93 0.84 0.97 0.83 0.014 0.96 0.064 0.69 0.74 
0.094 0.85 0.23 0.15 0.56 0.71 0.16 0.33 0.57 
0.15 0.0054 0.25 0.057 0.56 0.25 0.96 0.55 0.36 
0.26 0.55 0.7 0.12 0.064 0.27 0.076 0.23 0.039 
0.68 0.21 0.14 0.83 0.3 0.77 0.81 0.27 0.23 
0.35 0.4 0.63 0.67 0.61 0.88 0.64 0.024 0.1 
0.97 0.41 0.64 0.52 0.7 0.97 
0.78 0.76 0.95 0.19 0.75 0.97 

0.094 0.96 0.84 0.99 0.97 0.83 
0.8 0.22 0.2 0.38 0.34 0.97 
0.13 0.81 0.43 0.69 0.14 0.79 0.88 0.56 0.64 
0.36 0.7 0.84 0.85 0.49 0.29 0.24 0.65 0.53 
0.025 0.47 0.15 0.58 0.81 0.066 0.16 0.88 0.59 
0.47 0.25 0.38 0.26 0.34 0.33 0.25 0.17 0.71 
0.93 0.84 0.97 0.83 0.014 0.96 0.064 0.69 0.74 
0.094 0.85 0.23 0.15 0.56 0.71 0.16 0.33 0.57 
0.15 0.0054 0.25 0.057 0.56 0.25 0.96 0.55 0.36 
0.26 0.55 0.7 0.12 0.064 0.27 0.076 0.23 0.039 
0.68 0.21 0.14 0.83 0.3 0.77 0.81 0.27 0.23 
0.35 0.4 0.63 0.67 0.61 0.88 0.64 0.024 0.1 
0.97 0.41 0.64 0.52 0.7 0.97 
0.78 0.76 0.95 0.19 0.75 0.97 

0.094 0.96 0.84 0.99 0.97 0.83 
0.8 0.22 0.2 0.38 0.34 0.97 
0.13 0.81 0.43 0.69 0.14 0.79 0.88 0.56 0.64 
0.36 0.7 0.84 0.85 0.49 0.29 0.24 0.65 0.53 
0.025 0.47 0.15 0.58 0.81 0.066 0.16 0.88 0.59 
0.47 0.25 0.38 0.26 0.34 0.33 0.25 0.17 0.71 
0.93 0.84 0.97 0.83 0.014 0.96 0.064 0.69 0.74 
0.094 0.85 0.23 0.15 0.56 0.71 0.16 0.33 0.57 
0.15 0.0054 0.25 0.057 0.56 0.25 0.96 0.55 0.36 
0.26 0.55 0.7 0.12 0.064 0.27 0.076 0.23 0.039 
0.68 0.21 0.14 0.83 0.3 0.77 0.81 0.27 0.23 
0.35 0.4 0.63 0.67 0.61 0.88 0.64 0.024 0.1 
0.97 0.41 0.64 0.52 0.7 0.97 
0.78 0.76 0.95 0.19 0.75 0.97 

0.094 0.96 0.84 0.99 0.97 0.83 
0.8 0.22 0.2 0.38 0.34 0.97 
0.13 0.81 0.43 0.69 0.14 0.79 0.88 0.56 0.64 
0.36 0.7 0.84 0.85 0.49 0.29 0.24 0.65 0.53 
0.025 0.47 0.15 0.58 0.81 0.066 0.16 0.88 0.59 
0.47 0.25 0.38 0.26 0.34 0.33 0.25 0.17 0.71 
0.93 0.84 0.97 0.83 0.014 0.96 0.064 0.69 0.74 
0.094 0.85 0.23 0.15 0.56 0.71 0.16 0.33 0.57 
0.15 0.0054 0.25 0.057 0.56 0.25 0.96 0.55 0.36 
0.26 0.55 0.7 0.12 0.064 0.27 0.076 0.23 0.039 
0.68 0.21 0.14 0.83 0.3 0.77 0.81 0.27 0.23 
0.35 0.4 0.63 0.67 0.61 0.88 0.64 0.024 0.1 
0.97 0.41 0.64 0.52 0.7 0.97 
0.78 0.76 0.95 0.19 0.75 0.97 

0.094 0.96 0.84 0.99 0.97 0.83 
0.8 0.22 0.2 0.38 0.34 0.97 
0.13 0.81 0.43 0.69 0.14 0.79 0.88 0.56 0.64 
0.36 0.7 0.84 0.85 0.49 0.29 0.24 0.65 0.53 
0.025 0.47 0.15 0.58 0.81 0.066 0.16 0.88 0.59 
0.47 0.25 0.38 0.26 0.34 0.33 0.25 0.17 0.71 
0.93 0.84 0.97 0.83 0.014 0.96 0.064 0.69 0.74 
0.094 0.85 0.23 0.15 0.56 0.71 0.16 0.33 0.57 
0.15 0.0054 0.25 0.057 0.56 0.25 0.96 0.55 0.36 
0.26 0.55 0.7 0.12 0.064 0.27 0.076 0.23 0.039 
0.68 0.21 0.14 0.83 0.3 0.77 0.81 0.27 0.23 
0.35 0.4 0.63 0.67 0.61 0.88 0.64 0.024 0.1 
0.97 0.41 0.64 0.52 0.7 0.97 
0.78 0.76 0.95 0.19 0.75 0.97 

0.094 0.96 0.84 0.99 0.97 0.83 
0.8 0.22 0.2 0.38 0.34 0.97 
0.13 0.81 0.43 0.69 0.14 0.79 0.88 0.56 0.64 
0.36 0.7 0.84 0.85 0.49 0.29 0.24 0.65 0.53 
0.025 0.47 0.15 0.58 0.81 0.066 0.16 0.88 0.59 
0.47 0.25 0.38 0.26 0.34 0.33 0.25 0.17 0.71 
0.93 0.84 0.97 0.83 0.014 0.96 0.064 0.69 0.74 
0.094 0.85 0.23 0.15 0.56 0.71 0.16 0.33 0.57 
0.15 0.0054 0.25 0.057 0.56 0.25 0.96 0.55 0.36 
0.26 0.55 0.7 0.12 0.064 0.27 0.076 0.23 0.039 
0.68 0.21 0.14 0.83 0.3 0.77 0.81 0.27 0.23 
0.35 0.4 0.63 0.67 0.61 0.88 0.64 0.024 0.1 
0.97 0.41 0.64 0.52 0.7 0.97 
0.78 0.76 0.95 0.19 0.75 0.97 

0.094 0.96 0.84 0.99 0.97 0.83 
0.8 0.22 0.2 0.38 0.34 0.97 
0.13 0.81 0.43 0.69 0.14 0.79 0.88 0.56 0.64 
0.36 0.7 0.84 0.85 0.49 0.29 0.24 0.65 0.53 
0.025 0.47 0.15 0.58 0.81 0.066 0.16 0.88 0.59 
0.47 0.25 0.38 0.26 0.34 0.33 0.25 0.17 0.71 
0.93 0.84 0.97 0.83 0.014 0.96 0.064 0.69 0.74 
0.094 0.85 0.23 0.15 0.56 0.71 0.16 0.33 0.57 
0.15 0.0054 0.25 0.057 0.56 0.25 0.96 0.55 0.36 
0.26 0.55 0.7 0.12 0.064 0.27 0.076 0.23 0.039 
0.68 0.21 0.14 0.83 0.3 0.77 0.81 0.27 0.23 
0.35 0.4 0.63 0.67 0.61 0.88 0.64 0.024 0.1 
0.97 0.41 0.64 0.52 0.7 0.97 
0.78 0.76 0.95 0.19 0.75 0.97 

0.094 0.96 0.84 0.99 0.97 0.83 
0.8 0.22 0.2 0.38 0.34 0.97 
0.13 0.81 0.43 0.69 0.14 0.79 0.88 0.56 0.64 
0.36 0.7 0.84 0.85 0.49 0.29 0.24 0.65 0.53 
0.025 0.47 0.15 0.58 0.81 0.066 0.16 0.88 0.59 
0.47 0.25 0.38 0.26 0.34 0.33 0.25 0.17 0.71 
0.93 0.84 0.97 0.83 0.014 0.96 0.064 0.69 0.74 
0.094 0.85 0.23 0.15 0.56 0.71 0.16 0.33 0.57 
0.15 0.0054 0.25 0.057 0.56 0.25 0.96 0.55 0.36 
0.26 0.55 0.7 0.12 0.064 0.27 0.076 0.23 0.039 
0.68 0.21 0.14 0.83 0.3 0.77 0.81 0.27 0.23 
0.35 0.4 0.63 0.67 0.61 0.88 0.64 0.024 0.1 
0.97 0.41 0.64 0.52 0.7 0.97 
0.78 0.76 0.95 0.19 0.75 0.97 

0.094 0.96 0.84 0.99 0.97 0.83 
0.8 0.22 0.2 0.38 0.34 0.97 
0.13 0.81 0.43 0.69 0.14 0.79 0.88 0.56 0.64 
0.36 0.7 0.84 0.85 0.49 0.29 0.24 0.65 0.53 
0.025 0.47 0.15 0.58 0.81 0.066 0.16 0.88 0.59 
0.47 0.25 0.38 0.26 0.34 0.33 0.25 0.17 0.71 
0.93 0.84 0.97 0.83 0.014 0.96 0.064 0.69 0.74 
0.094 0.85 0.23 0.15 0.56 0.71 0.16 0.33 0.57 
0.15 0.0054 0.25 0.057 0.56 0.25 0.96 0.55 0.36 
0.26 0.55 0.7 0.12 0.064 0.27 0.076 0.23 0.039 
0.68 0.21 0.14 0.83 0.3 0.77 0.81 0.27 0.23 
0.35 0.4 0.63 0.67 0.61 0.88 0.64 0.024 0.1 
0.97 0.41 0.64 0.52 0.7 0.97 
0.78 0.76 0.95 0.19 0.75 0.97 

0.094 0.96 0.84 0.99 0.97 0.83 
0.8 0.22 0.2 0.38 0.34 0.97 
0.13 0.81 0.43 0.69 0.14 0.79 0.88 0.56 0.64 
0.36 0.7 0.84 0.85 0.49 0.29 0.24 0.65 0.53 
0.025 0.47 0.15 0.58 0.81 0.066 0.16 0.88 0.59 
0.47 0.25 0.38 0.26 0.34 0.33 0.25 0.17 0.71 
0.93 0.84 0.97 0.83 0.014 0.96 0.064 0.69 0.74 
0.094 0.85 0.23 0.15 0.56 0.71 0.16 0.33 0.57 
0.15 0.0054 0.25 0.057 0.56 0.25 0.96 0.55 0.36 
0.26 0.55 0.7 0.12 0.064 0.27 0.076 0.23 0.039 
0.68 0.21 0.14 0.83 0.3 0.77 0.81 0.27 0.23 
0.35 0.4 0.63 0.67 0.61 0.88 0.64 0.024 0.1 
0.97 0.41 0.64 0.52 0.7 0.97 
0.78 0.76 0.95 0.19 0.75 0.97 

0.094 0.96 0.84 0.99 0.97 0.83 
0.8 0.22 0.2 0.38 0.34 0.97 
0.13 0.81 0.43 0.69 0.14 0.79 0.88 0.56 0.64 
0.36 0.7 0.84 0.85 0.49 0.29 0.24 0.65 0.53 
0.025 0.47 0.15 0.58 0.81 0.066 0.16 0.88 0.59 
0.47 0.25 0.38 0.26 0.34 0.33 0.25 0.17 0.71 
0.93 0.84 0.97 0.83 0.014 0.96 0.064 0.69 0.74 
0.094 0.85 0.23 0.15 0.56 0.71 0.16 0.33 0.57 
0.15 0.0054 0.25 0.057 0.56 0.25 0.96 0.55 0.36 
0.26 0.55 0.7 0.12 0.064 0.27 0.076 0.23 0.039 
0.68 0.21 0.14 0.83 0.3 0.77 0.81 0.27 0.23 
0.35 0.4 0.63 0.67 0.61 0.88 0.64 0.024 0.1 
0.97 0.41 0.64 0.52 0.7 0.97 
0.78 0.76 0.95 0.19 0.75 0.97 

0.094 0.96 0.84 0.99 0.97 0.83 
0.8 0.22 0.2 0.38 0.34 0.97 
0.13 0.81 0.43 0.69 0.14 0.79 0.88 0.56 0.64 
0.36 0.7 0.84 0.85 0.49 0.29 0.24 0.65 0.53 
0.025 0.47 0.15 0.58 0.81 0.066 0.16 0.88 0.59 
0.47 0.25 0.38 0.26 0.34 0.33 0.25 0.17 0.71 
0.93 0.84 0.97 0.83 0.014 0.96 0.064 0.69 0.74 
0.094 0.85 0.23 0.15 0.56 0.71 0.16 0.33 0.57 
0.15 0.0054 0.25 0.057 0.56 0.25 0.96 0.55 0.36 
0.26 0.55 0.7 0.12 0.064 0.27 0.076 0.23 0.039 
0.68 0.21 0.14 0.83 0.3 0.77 0.81 0.27 0.23 
0.35 0.4 0.63 0.67 0.61 0.88 0.64 0.024 0.1 
0.97 0.41 0.64 0.52 0.7 0.97 
0.78 0.76 0.95 0.19 0.75 0.97 

0.094 0.96 0.84 0.99 0.97 0.83 
0.8 0.22 0.2 0.38 0.34 0.97 
0.13 0.81 0.43 0.69 0.14 0.79 0.88 0.56 0.64 
0.36 0.7 0.84 0.85 0.49 0.29 0.24 0.65 0.53 
0.025 0.47 0.15 0.58 0.81 0.066 0.16 0.88 0.59 
0.47 0.25 0.38 0.26 0.34 0.33 0.25 0.17 0.71 
0.93 0.84 0.97 0.83 0.014 0.96 0.064 0.69 0.74 
0.094 0.85 0.23 0.15 0.56 0.71 0.16 0.33 0.57 
0.15 0.0054 0.25 0.057 0.56 0.25 0.96 0.55 0.36 
0.26 0.55 0.7 0.12 0.064 0.27 0.076 0.23 0.039 
0.68 0.21 0.14 0.83 0.3 0.77 0.81 0.27 0.23 
0.35 0.4 0.63 0.67 0.61 0.88 0.64 0.024 0.1 
0.97 0.41 0.64 0.52 0.7 0.97 
0.78 0.76 0.95 0.19 0.75 0.97 

0.094 0.96 0.84 0.99 0.97 0.83 
0.8 0.22 0.2 0.38 0.34 0.97 
0.13 0.81 0.43 0.69 0.14 0.79 0.88 0.56 0.64 
0.36 0.7 0.84 0.85 0.49 0.29 0.24 0.65 0.53 
0.025 0.47 0.15 0.58 0.81 0.066 0.16 0.88 0.59 
0.47 0.25 0.38 0.26 0.34 0.33 0.25 0.17 0.71 
0.93 0.84 0.97 0.83 0.014 0.96 0.064 0.69 0.74 
0.094 0.85 0.23 0.15 0.56 0.71 0.16 0.33 0.57 
0.15 0.0054 0.25 0.057 0.56 0.25 0.96 0.55 0.36 
0.26 0.55 0.7 0.12 0.064 0.27 0.076 0.23 0.039 
0.68 0.21 0.14 0.83 0.3 0.77 0.81 0.27 0.23 
0.35 0.4 0.63 0.67 0.61 0.88 0.64 0.024 0.1 
0.97 0.41 0.64 0.52 0.7 0.97 
0.78 0.76 0.95 0.19 0.75 0.97 

0.094 0.96 0.84 0.99 0.97 0.83 
0.8 0.22 0.2 0.38 0.34 0.97 
0.13 0.81 0.43 0.69 0.14 0.79 0.88 0.56 0.64 
0.36 0.7 0.84 0.85 0.49 0.29 0.24 0.65 0.53 
0.025 0.47 0.15 0.58 0.81 0.066 0.16 0.88 0.59 
0.47 0.25 0.38 0.26 0.34 0.33 0.25 0.17 0.71 
0.93 0.84 0.97 0.83 0.014 0.96 0.064 0.69 0.74 
0.094 0.85 0.23 0.15 0.56 0.71 0.16 0.33 0.57 
0.15 0.0054 0.25 0.057 0.56 0.25 0.96 0.55 0.36 
0.26 0.55 0.7 0.12 0.064 0.27 0.076 0.23 0.039 
0.68 0.21 0.14 0.83 0.3 0.77 0.81 0.27 0.23 
0.35 0.4 0.63 0.67 0.61 0.88 0.64 0.024 0.1 
0.97 0.41 0.64 0.52 0.7 0.97 
0.78 0.76 0.95 0.19 0.75 0.97 

0.094 0.96 0.84 0.99 0.97 0.83 
0.8 0.22 0.2 0.38 0.34 0.97 
0.13 0.81 0.43 0.69 0.14 0.79 0.88 0.56 0.64 
0.36 0.7 0.84 0.85 0.49 0.29 0.24 0.65 0.53 
0.025 0.47 0.15 0.58 0.81 0.066 0.16 0.88 0.59 
0.47 0.25 0.38 0.26 0.34 0.33 0.25 0.17 0.71 
0.93 0.84 0.97 0.83 0.014 0.96 0.064 0.69 0.74 
0.094 0.85 0.23 0.15 0.56 0.71 0.16 0.33 0.57 
0.15 0.0054 0.25 0.057 0.56 0.25 0.96 0.55 0.36 
0.26 0.55 0.7 0.12 0.064 0.27 0.076 0.23 0.039 
0.68 0.21 0.14 0.83 0.3 0.77 0.81 0.27 0.23 
0.35 0.4 0.63 0.67 0.61 0.88 0.64 0.024 0.1 
0.97 0.41 0.64 0.52 0.7 0.97 
0.78 0.76 0.95 0.19 0.75 0.97 

0.094 0.96 0.84 0.99 0.97 0.83 
0.8 0.22 0.2 0.38 0.34 0.97 
0.13 0.81 0.43 0.69 0.14 0.79 0.88 0.56 0.64 
0.36 0.7 0.84 0.85 0.49 0.29 0.24 0.65 0.53 
0.025 0.47 0.15 0.58 0.81 0.066 0.16 0.88 0.59 
0.47 0.25 0.38 0.26 0.34 0.33 0.25 0.17 0.71 
0.93 0.84 0.97 0.83 0.014 0.96 0.064 0.69 0.74 
0.094 0.85 0.23 0.15 0.56 0.71 0.16 0.33 0.57 
0.15 0.0054 0.25 0.057 0.56 0.25 0.96 0.55 0.36 
0.26 0.55 0.7 0.12 0.064 0.27 0.076 0.23 0.039 
0.68 0.21 0.14 0.83 0.3 0.77 0.81 0.27 0.23 
0.35 0.4 0.63 0.67 0.61 0.88 0.64 0.024 0.1 
0.97 0.41 0.64 0.52 0.7 0.97 
0.78 0.76 0.95 0.19 0.75 0.97 

0.094 0.96 0.84 0.99 0.97 0.83 
0.8 0.22 0.2 0.38 0.34 0.97 
0.13 0.81 0.43 0.69 0.14 0.79 0.88 0.56 0.64 
0.36 0.7 0.84 0.85 0.49 0.29 0.24 0.65 0.53 
0.025 0.47 0.15 0.58 0.81 0.066 0.16 0.88 0.59 
0.47 0.25 0.38 0.26 0.34 0.33 0.25 0.17 0.71 
0.93 0.84 0.97 0.83 0.014 0.96 0.064 0.69 0.74 
0.094 0.85 0.23 0.15 0.56 0.71 0.16 0.33 0.57 
0.15 0.0054 0.25 0.057 0.56 0.25 0.96 0.55 0.36 
0.26 0.55 0.7 0.12 0.064 0.27 0.076 0.23 0.039 
0.68 0.21 0.14 0.83 0.3 0.77 0.81 0.27 0.23 
0.35 0.4 0.63 0.67 0.61 0.88 0.64 0.024 0.1 
0.97 0.41 0.64 0.52 0.7 0.97 
0.78 0.76 0.95 0.19 0.75 0.97 

0.094 0.96 0.84 0.99 0.97 0.83 
0.8 0.22 0.2 0.38 0.34 0.97 
0.13 0.81 0.43 0.69 0.14 0.79 0.88 0.56 0.64 
0.36 0.7 0.84 0.85 0.49 0.29 0.24 0.65 0.53 
0.025 0.47 0.15 0.58 0.81 0.066 0.16 0.88 0.59 
0.47 0.25 0.38 0.26 0.34 0.33 0.25 0.17 0.71 
0.93 0.84 0.97 0.83 0.014 0.96 0.064 0.69 0.74 
0.094 0.85 0.23 0.15 0.56 0.71 0.16 0.33 0.57 
0.15 0.0054 0.25 0.057 0.56 0.25 0.96 0.55 0.36 
0.26 0.55 0.7 0.12 0.064 0.27 0.076 0.23 0.039 
0.68 0.21 0.14 0.83 0.3 0.77 0.81 0.27 0.23 
0.35 0.4 0.63 0.67 0.61 0.88 0.64 0.024 0.1 
0.97 0.41 0.64 0.52 0.7 0.97 
0.78 0.76 0.95 0.19 0.75 0.97 

0.094 0.96 0.84 0.99 0.97 0.83 
0.8 0.22 0.2 0.38 0.34 0.97 
0.13 0.81 0.43 0.69 0.14 0.79 0.88 0.56 0.64 
0.36 0.7 0.84 0.85 0.49 0.29 0.24 0.65 0.53 
0.025 0.47 0.15 0.58 0.81 0.066 0.16 0.88 0.59 
0.47 0.25 0.38 0.26 0.34 0.33 0.25 0.17 0.71 
0.93 0.84 0.97 0.83 0.014 0.96 0.064 0.69 0.74 
0.094 0.85 0.23 0.15 0.56 0.71 0.16 0.33 0.57 
0.15 0.0054 0.25 0.057 0.56 0.25 0.96 0.55 0.36 
0.26 0.55 0.7 0.12 0.064 0.27 0.076 0.23 0.039 
0.68 0.21 0.14 0.83 0.3 0.77 0.81 0.27 0.23 
0.35 0.4 0.63 0.67 0.61 0.88 0.64 0.024 0.1 
0.97 0.41 0.64 0.52 0.7 0.97 
0.78 0.76 0.95 0.19 0.75 0.97 

0.094 0.96 0.84 0.99 0.97 0.83 
0.8 0.22 0.2 0.38 0.34 0.97 
0.13 0.81 0.43 0.69 0.14 0.79 0.88 0.56 0.64 
0.36 0.7 0.84 0.85 0.49 0.29 0.24 0.65 0.53 
0.025 0.47 0.15 0.58 0.81 0.066 0.16 0.88 0.59 
0.47 0.25 0.38 0.26 0.34 0.33 0.25 0.17 0.71 
0.93 0.84 0.97 0.83 0.014 0.96 0.064 0.69 0.74 
0.094 0.85 0.23 0.15 0.56 0.71 0.16 0.33 0.57 
0.15 0.0054 0.25 0.057 0.56 0.25 0.96 0.55 0.36 
0.26 0.55 0.7 0.12 0.064 0.27 0.076 0.23 0.039 
0.68 0.21 0.14 0.83 0.3 0.77 0.81 0.27 0.23 
0.35 0.4 0.63 0.67 0.61 0.88 0.64 0.024 0.1 
0.97 0.41 0.64 0.52 0.7 0.97 
0.78 0.76 0.95 0.19 0.75 0.97 

0.094 0.96 0.84 0.99 0.97 0.83 
0.8 0.22 0.2 0.38 0.34 0.97 
0.13 0.81 0.43 0.69 0.14 0.79 0.88 0.56 0.64 
0.36 0.7 0.84 0.85 0.49 0.29 0.24 0.65 0.53 
0.025 0.47 0.15 0.58 0.81 0.066 0.16 0.88 0.59 
0.47 0.25 0.38 0.26 0.34 0.33 0.25 0.17 0.71 
0.93 0.84 0.97 0.83 0.014 0.96 0.064 0.69 0.74 
0.094 0.85 0.23 0.15 0.56 0.71 0.16 0.33 0.57 
0.15 0.0054 0.25 0.057 0.56 0.25 0.96 0.55 0.36 
0.26 0.55 0.7 0.12 0.064 0.27 0.076 0.23 0.039 
0.68 0.21 0.14 0.83 0.3 0.77 0.81 0.27 0.23 
0.35 0.4 0.63 0.67 0.61 0.88 0.64 0.024 0.1 
0.97 0.41 0.64 0.52 0.7 0.97 
0.78 0.76 0.95 0.19 0.75 0.97 

0.094 0.96 0.84 0.99 0.97 0.83 
0.8 0.22 0.2 0.38 0.34 0.97 
0.13 0.81 0.43 0.69 0.14 0.79 0.88 0.56 0.64 
0.36 0.7 0.84 0.85 0.49 0.29 0.24 0.65 0.53 
0.025 0.47 0.15 0.58 0.81 0.066 0.16 0.88 0.59 
0.47 0.25 0.38 0.26 0.34 0.33 0.25 0.17 0.71 
0.93 0.84 0.97 0.83 0.014 0.96 0.064 0.69 0.74 
0.094 0.85 0.23 0.15 0.56 0.71 0.16 0.33 0.57 
0.15 0.0054 0.25 0.057 0.56 0.25 0.96 0.55 0.36 
0.26 0.55 0.7 0.12 0.064 0.27 0.076 0.23 0.039 
0.68 0.21 0.14 0.83 0.3 0.77 0.81 0.27 0.23 
0.35 0.4 0.63 0.67 0.61 0.88 0.64 0.024 0.1 
0.97 0.41 0.64 0.52 0.7 0.97 
0.78 0.76 0.95 0.19 0.75 0.97 

0.094 0.96 0.84 0.99 0.97 0.83 
0.8 0.22 0.2 0.38 0.34 0.97 
0.13 0.81 0.43 0.69 0.14 0.79 0.88 0.56 0.64 
0.36 0.7 0.84 0.85 0.49 0.29 0.24 0.65 0.53 
0.025 0.47 0.15 0.58 0.81 0.066 0.16 0.88 0.59 
0.47 0.25 0.38 0.26 0.34 0.33 0.25 0.17 0.71 
0.93 0.84 0.97 0.83 0.014 0.96 0.064 0.69 0.74 
0.094 0.85 0.23 0.15 0.56 0.71 0.16 0.33 0.57 
0.15 0.0054 0.25 0.057 0.56 0.25 0.86 0.55 0.36 
0.26 0.55 0.7 0.12 0.064 0.27 0.076 0.23 0.039 
0.68 0.21 0.14 0.83 0.3 0.77 0.81 0.27 0.23 
0.35 0.4 0.63 0.67 0.61 0.88 0.64 0.024 0.1 
0.97 0.41 0.64 0.52 0.7 0.97 
0.78 0.76 0.95 0.19 0.75 0.97 

0.094 0.96 0.84 0.99 0.97 0.83 
0.8 0.22 0.2 0.38 0.34 0.97 
0.13 0.81 0.43 0.69 0.14 0.79 0.88 0.56 0.64 
0.36 0.7 0.84 0.85 0.49 0.29 0.24 0.65 0.53 
0.025 0.47 0.15 0.58 0.81 0.066 0.16 0.88 0.59 
0.47 0.25 0.38 0.26 0.34 0.33 0.25 0.17 0.71 
0.93 0.84 0.97 0.83 0.014 0.96 0.064 0.69 0.74 
0.094 0.85 0.23 0.15 0.56 0.71 0.16 0.33 0.57 
0.15 0.0054 0.25 0.057 0.56 0.25 0.86 0.55 0.36 
0.26 0.55 0.7 0.12 0.064 0.27 0.076 0.23 0.039 
0.68 0.21 0.14 0.83 0.3 0.77 0.81 0.27 0.23 
0.35 0.4 0.63 0.67 0.61 0.88 0.64 0.024 0.1 
0.97 0.41 0.64 0.52 0.7 0.97 
0.78 0.76 0.95 0.19 0.75 0.97 

0.094 0.96 0.84 0.99 0.97 0.83 
0.8 0.22 0.2 0.38 0.34 0.97 
0.13 0.81 0.43 0.69 0.14 0.79 0.88 0.56 0.64 
0.36 0.7 0.84 0.85 0.49 0.29 0.24 0.65 0.53 
0.025 0.47 0.15 0.58 0.81 0.066 0.16 0.88 0.59 
0.47 0.25 0.38 0.26 0.34 0.33 0.25 0.17 0.71 
0.93 0.84 0.97 0.83 0.014 0.96 0.064 0.69 0.74 
0.094 0.85 0.23 0.15 0.56 0.71 0.16 0.33 0.57 
0.15 0.0054 0.25 0.057 0.56 0.25 0.86 0.55 0.36 
0.26 0.55 0.7 0.12 0.064 0.27 0.076 0.23 0.039 
0.68 0.21 0.14 0.83 0.3 0.77 0.81 0.27 0.23 
0.35 0.4 0.63 0.67 0.61 0.88 0.64 0.024 0.1 
0.97 0.41 0.64 0.52 0.7 0.97 
0.78 0.76 0.95 0.19 0.75 0.97 

0.094 0.96 0.84 0.99 0.97 0.83 
0.8 0.22 0.2 0.38 0.34 0.97 
0.13 0.81 0.43 0.69 0.14 0.79 0.88 0.56 0.64 
0.36 0.7 0.84 0.85 0.49 0.29 0.24 0.65 0.53 
0.025 0.47 0.15 0.58 0.81 0.066 0.16 0.88 0.59 
0.47 0.25 0.38 0.26 0.34 0.33 0.25 0.17 0.71 
0.93 0.84 0.97 0.83 0.014 0.96 0.064 0.69 0.74 
0.094 0.85 0.23 0.15 0.56 0.71 0.16 0.33 0.57 
0.15 0.0054 0.25 0.057 0.56 0.25 0.86 0.55 0.36 
0.26 0.55 0.7 0.12 0.064 0.27 0.076 0.23 0.039 
0.68 0.21 0.14 0.83 0.3 0.77 0.81 0.27 0.23 
0.35 0.4 0.63 0.67 0.61 0.88 0.64 0.024 0.1 
0.97 0.41 0.64 0.52 0.7 0.97 
0.78 0.76 0.95 0.19 0.75 0.97 

0.094 0.96 0.84 0.99 0.97 0.83 
0.8 0.22 0.2 0.38 0.34 0.97 
0.13 0.81 0.43 0.69 0.14 0.79 0.88 0.56 0.64 
0.36 0.7 0.84 0.85 0.49 0.29 0.24 0.65 0.53 
0.025 0.47 0.15 0.58 0.81 0.066 0.16 0.88 0.59 
0.47 0.25 0.38 0.26 0.34 0.33 0.25 0.17 0.71 
0.93 0.84 0.97 0.83 0.014 0.96 0.064 0.69 0.74 
0.094 0.85 0.23 0.15 0.56 0.71 0.16 0.33 0.57 
0.15 0.0054 0.25 0.057 0.56 0.25 0.86 0.55 0.36 
0.26 0.55 0.7 0.12 0.064 0.27 0.076 0.23 0.039 
0.68 0.21 0.14 0.83 0.3 0.77 0.81 0.27 0.23 
0.35 0.4 0.63 0.67 0.61 0.88 0.64 0.024 0.1 
0.97 0.41 0.64 0.52 0.7 0.97 
0.78 0.76 0.95 0.19 0.75 0.97 

0.094 0.96 0.84 0.99 0.97 0.83 
0.8 0.22 0.2 0.38 0.34 0.97 
0.13 0.81 0.43 0.69 0.14 0.79 0.88 0.56 0.64 
0.36 0.7 0.84 0.85 0.49 0.29 0.24 0.65 0.53 
0.025 0.47 0.15 0.58 0.81 0.066 0.16 0.88 0.59 
0.47 0.25 0.38 0.26 0.34 0.33 0.25 0.17 0.71 
0.93 0.84 0.97 0.83 0.014 0.96 0.064 0.69 0.74 
0.094 0.85 0.23 0.15 0.56 0.71 0.16 0.33 0.57 
0.15 0.0054 0.25 0.057 0.56 0.25 0.86 0.55 0.36 
0.26 0.55 0.7 0.12 0.064 0.27 0.076 0.23 0.039 
0.68 0.21 0.14 0.83 0.3 0.77 0.81 0.27 0.23 
0.35 0.4 0.63 0.67 0.61 0.88 0.64 0.024 0.1 
0.97 0.41 0.64 0.52 0.7 0.97 
0.78 0.76 0.95 0.19 0.75 0.97 

0.094 0.96 0.84 0.99 0.97 0.83 
0.8 0.22 0.2 0.38 0.34 0.97 
0.13 0.81 0.43 0.69 0.14 0.79 0.88 0.56 0.64 
0.36 0.7 0.84 0.85 0.49 0.29 0.24 0.65 0.53 
0.025 0.47 0.15 0.58 0.81 0.066 0.16 0.88 0.59 
0.47 0.25 0.38 0.26 0.34 0.33 0.25 0.17 0.71 
0.93 0.84 0.97 0.83 0.014 0.96 0.064 0.69 0.74 
0.094 0.85 0.23 0.15 0.56 0.71 0.16 0.33 0.57 
0.15 0.0054 0.25 0.057 0.56 0.25 0.86 0.55 0.36 
0.26 0.55 0.7 0.12 0.064 0.27 0.076 0.23 0.039 
0.68 0.21 0.14 0.83 0.3 0.77 0.81 0.27 0.23 
0.35 0.4 0.63 0.67 0.61 0.88 0.64 0.024 0.1 
0.97 0.41 0.64 0.52 0.7 0.97 
0.78 0.76 0.95 0.19 0.75 0.97 

0.094 0.96 0.84 0.99 0.97 0.83 
0.8 0.22 0.2 0.38 0.34 0.97 
0.13 0.81 0.43 0.69 0.14 0.79 0.88 0.56 0.64 
0.36 0.7 0.84 0.85 0.49 0.29 0.24 0.65 0.53 
0.025 0.47 0.15 0.58 0.81 0.066 0.16 0.88 0.59 
0.47 0.25 0.38 0.26 0.34 0.33 0.25 0.17 0.71 
0.93 0.84 0.97 0.83 0.014 0.96 0.064 0.69 0.74 
0.094 0.85 0.23 0.15 0.56 0.71 0.16 0.33 0.57 
0.15 0.0054 0.25 0.057 0.56 0.25 0.86 0.55 0.36 
0.26 0.55 0.7 0.12 0.064 0.27 0.076 0.23 0.039 
0.68 0.21 0.14 0.83 0.3 0.77 0.81 0.27 0.23 
0.35 0.4 0.63 0.67 0.61 0.88 0.64 0.024 0.1 
0.97 0.41 0.64 0.52 0.7 0.97 
0.78 0.76 0.95 0.19 0.75 0.97 

0.094 0.96 0.84 0.99 0.97 0.83 
0.8 0.22 0.2 0.38 0.34 0.97 
0.13 0.81 0.43 0.69 0.14 0.79 0.88 0.56 0.64 
0.36 0.7 0.84 0.85 0.49 0.29 0.24 0.65 0.53 
0.025 0.47 0.15 0.58 0.81 0.066 0.16 0.88 0.59 
0.47 0.25 0.38 0.26 0.34 0.33 0.25 0.17 0.71 
0.93 0.84 0.97 0.83 0.014 0.96 0.064 0.69 0.74 
0.094 0.85 0.23 0.15 0.56 0.71 0.16 0.33 0.57 
0.15 0.0054 0.25 0.057 0.56 0.25 0.86 0.55 0.36 
0.26 0.55 0.7 0.12 0.064 0.27 0.076 0.23 0.039 
0.68 0.21 0.14 0.83 0.3 0.77 0.81 0.27 0.23 
0.35 0.4 0.63 0.67 0.61 0.88 0.64 0.024 0.1 
0.97 0.41 0.64 0.52 0.7 0.97 
0.78 0.76 0.95 0.19 0.75 0.97 

0.094 0.96 0.84 0.99 0.97 0.83 
0.8 0.22 0.2 0.38 0.34 0.97 
0.13 0.81 0.43 0.69 0.14 0.79 0.88 0.56 0.64 
0.36 0.7 0.84 0.85 0.49 0.29 0.24 0.65 0.53 
0.025 0.47 0.15 0.58 0.81 0.066 0.16 0.88 0.59 
0.47 0.25 0.38 0.26 0.34 0.33 0.25 0.17 0.71 
0.93 0.84 0.97 0.83 0.014 0.96 0.064 0.69 0.74 
0.094 0.85 0.23 0.15 0.56 0.71 0.16 0.33 0.57 
0.15 0.0054 0.25 0.057 0.56 0.25 0.86 0.55 0.36 
0.26 0.55 0.7 0.12 0.064 0.27 0.076 0.23 0.039 
0.68 0.21 0.14 0.83 0.3 0.77 0.81 0.27 0.23 
0.35 0.4 0.63 0.67 0.61 0.88 0.64 0.024 0.1 
0.97 0.41 0.64 0.52 0.7 0.97 
0.78 0.76 0.95 0.19 0.75 0.97 

0.094 0.96 0.84 0.99 0.97 0.83 
0.8 0.22 0.2 0.38 0.34 0.97 
0.13 0.81 0.43 0.69 0.14 0.79 0.88 0.56 0.64 
0.36 0.7 0.84 0.85 0.49 0.29 0.24 0.65 0.53 
0.025 0.47 0.15 0.58 0.81 0.066 0.16 0.88 0.59 
0.47 0.25 0.38 0.26 0.34 0.33 0.25 0.17 0.71 
0.93 0.84 0.97 0.83 0.014 0.96 0.064 0.69 0.74 
0.094 0.85 0.23 0.15 0.56 0.71 0.16 0.33 0.57 
0.15 0.0054 0.25 0.057 0.56 0.25 0.86 0.55 0.36 
0.26 0.55 0.7 0.12 0.064 0.27 0.076 0.23 0.039 
0.68 0.21 0.14 0.83 0.3 0.77 0.81 0.27 0.23 
0.35 0.4 0.63 0.67 0.61 0.88 0.64 0.024 0.1 
0.97 0.41 0.64 0.52 0.7 0.97 
0.78 0.76 0.95 0.19 0.75 0.97 

0.094 0.96 0.84 0.99 0.97 0.83 
0.8 0.22 0.2 0.38 0.34 0.97 
0.13 0.81 0.43 0.69 0.14 0.79 0.88 0.56 0.64 
0.36 0.7 0.84 0.85 0.49 0.29 0.24 0.65 0.53 
0.025 0.47 0.15 0.58 0.81 0.066 0.16 0.88 0.59 
0.47 0.25 0.38 0.26 0.34 0.33 0.25 0.17 0.71 
0.93 0.84 0.97 0.83 0.014 0.96 0.064 0.69 0.74 
0.094 0.85 0.23 0.15 0.56 0.71 0.16 0.33 0.57 
0.15 0.0054 0.25 0.057 0.56 0.25 0.86 0.55 0.36 
0.26 0.55 0.7 0.12 0.064 0.27 0.076 0.23 0.039 
0.68 0.21 0.14 0.83 0.3 0.77 0.81 0.27 0.23 
0.35 0.4 0.63 0.67 0.61 0.88 0.64 0.024 0.1 
0.97 0.41 0.64 0.52 0.7 0.97 
0.78 0.76 0.95 0.19 0.75 0.97 

0.094 0.96 0.84 0.99 0.97 0.83 
0.8 0.22 0.2 0.38 0.34 0.97 
0.13 0.81 0.43 0.69 0.14 0.79 0.88 0.56 0.64 
0.36 0.7 0.84 0.85 0.49 0.29 0.24 0.65 0.53 
0.025 0.47 0.15 0.58 0.81 0.066 0.16 0.88 0.59 
0.47 0.25 0.38 0.26 0.34 0.33 0.25 0.17 0.71 
0.93 0.84 0.97 0.83 0.014 0.96 0.064 0.69 0.74 
0.094 0.85 0.23 0.15 0.56 0.71 0.16 0.33 0.57 
0.15 0.0054 0.25 0.057 0.56 0.25 0.86 0.55 0.36 
0.26 0.55 0.7 0.12 0.064 0.27 0.076 0.23 0.039 
0.68 0.21 0.14 0.83 0.3 0.77 0.81 0.27 0.23 
0.35 0.4 0.63 0.67 0.61 0.88 0.64 0.024 0.1 
0.97 0.41 0.64 0.52 0.7 0.97 
0.78 0.76 0.95 0.19 0.75 0.97 

0.094 0.96 0.84 0.99 0.97 0.83 
0.8 0.22 0.2 0.38 0.34 0.97 
0.13 0.81 0.43 0.69 0.14 0.79 0.88 0.56 0.64 
0.36 0.7 0.84 0.85 0.49 0.29 0.24 0.65 0.53 
0.025 0.47 0.15 0.58 0.81 0.066 0.16 0.88 0.59 
0.47 0.25 0.38 0.26 0.34 0.33 0.25 0.17 0.71 
0.93 0.84 0.97 0.83 0.014 0.96 0.064 0.69 0.74 
0.094 0.85 0.23 0.15 0.56 0.71 0.16 0.33 0.57 
0.15 0.0054 0.25 0.057 0.56 0.25 0.86 0.55 0.36 
0.26 0.55 0.7 0.12 0.064 0.27 0.076 0.23 0.039 
0.68 0.21 0.14 0.83 0.3 0.77 0.81 0.27 0.23 
0.35 0.4 0.63 0.67 0.61 0.88 0.64 0.024 0.1 
0.97 0.41 0.64 0.52 0.7 0.97 
0.78 0.76 0.95 0.19 0.75 0.97 

0.094 0.96 0.84 0.99 0.97 0.83 
0.8 0.22 0.2 0.38 0.34 0.97 
0.13 0.81 0.43 0.69 0.14 0.79 0.88 0.56 0.64 
0.36 0.7 0.84 0.85 0.49 0.29 0.24 0.65 0.53 
0.025 0.47 0.15 0.58 0.81 0.066 0.16 0.88 0.59 
0.47 0.25 0.38 0.26 0.34 0.33 0.25 0.17 0.71 
0.93 0.84 0.97 0.83 0.014 0.96 0.064 0.69 0.74 
0.094 0.85 0.23 0.15 0.56 0.71 0.16 0.33 0.57 
0.15 0.0054 0.25 0.057 0.56 0.25 0.86 0.55 0.36 
0.26 0.55 0.7 0.12 0.064 0.27 0.076 0.23 0.039 
0.68 0.21 0.14 0.83 0.3 0.77 0.81 0.27 0.23 
0.35 0.4 0.63 0.67 0.61 0.88 0.64 0.024 0.1 
0.97 0.41 0.64 0.52 0.7 0.97 
0.78 0.76 0.95 0.19 0.75 0.97 

0.094 0.96 0.84 0.99 0.97 0.83 
0.8 0.22 0.2 0.38 0.34 0.97 
0.13 0.81 0.43 0.69 0.14 0.79 0.88 0.56 0.64 
0.36 0.7 0.84 0.85 0.49 0.29 0.24 0.65 0.53 
0.025 0.47 0.15 0.58 0.81 0.066 0.16 0.88 0.59 
0.47 0.25 0.38 0.26 0.34 0.33 0.25 0.17 0.71 
0.93 0.84 0.97 0.83 0.014 0.96 0.064 0.69 0.74 
0.094 0.85 0.23 0.15 0.56 0.71 0.16 0.33 0.57 
0.15 0.0054 0.25 0.057 0.56 0.25 0.86 0.55 0.36 
0.26 0.55 0.7 0.12 0.064 0.27 0.076 0.23 0.039 
0.68 0.21 0.14 0.83 0.3 0.77 0.81 0.27 0.23 
0.35 0.4 0.63 0.67 0.61 0.88 0.64 0.024 0.1 
0.97 0.41 0.64 0.52 0.7 0.97 
0.78 0.76 0.95 0.19 0.75 0.97 

0.094 0.96 0.84 0.99 0.97 0.83 
0.8 0.22 0.2 0.38 0.34 0.97 
0.13 0.81 0.43 0.69 0.14 0.79 0.88 0.56 0.64 
0.36 0.7 0.84 0.85 0.49 0.29 0.24 0.65 0.53 
0.025 0.47 0.15 0.58 0.81 0.066 0.16 0.88 0.59 
0.47 0.25 0.38 0.26 0.34 0.33 0.25 0.17 0.71 
0.93 0.84 0.97 0.83 0.014 0.96 0.064 0.69 0.74 
0.094 0.85 0.23 0.15 0.56 0.71 0.16 0.33 0.57 
0.15 0.0054 0.25 0.057 0.56 0.25 0.86 0.55 0.36 
0.26 0.55 0.7 0.12 0.064 0.27 0.076 0.23 0.039 
0.68 0.21 0.14 0.83 0.3 0.77 0.81 0.27 0.23 
0.35 0.4 0.63 0.67 0.61 0.88 0.64 0.024 0.1 
0.97 0.41 0.64 0.52 0.7 0.97 
0.78 0.76 0.95 0.19 0.75 0.97 

0.094 0.96 0.84 0.99 0.97 0.83 
0.8 0.22 0.2 0.38 0.34 0.97 
0.13 0.81 0.43 0.69 0.14 0.79 0.88 0.56 0.64 
0.36 0.7 0.84 0.85 0.49 0.29 0.24 0.65 0.53 
0.025 0.47 0.15 0.58 0.81 0.066 0.16 0.88 0.59 
0.47 0.25 0.38 0.26 0.34 0.33 0.25 0.17 0.71 
0.93 0.84 0.97 0.83 0.014 0.96 0.064 0.69 0.74 
0.094 0.85 0.23 0.15 0.56 0.71 0.16 0.33 0.57 
0.15 0.0054 0.25 0.057 0.56 0.25 0.86 0.55 0.36 
0.26 0.55 0.7 0.12 0.064 0.27 0.076 0.23 0.039 
0.68 0.21 0.14 0.83 0.3 0.77 0.81 0.27 0.23 
0.35 0.4 0.63 0.67 0.61 0.88 0.64 0.024 0.1 
0.97 0.41 0.64 0.52 0.7 0.97 
0.78 0.76 0.95 0.19 0.75 0.97 

0.094 0.96 0.84 0.99 0.97 0.83 
0.8 0.22 0.2 0.38 0.34 0.97 
0.13 0.81 0.43 0.69 0.14 0.79 0.88 0.56 0.64 
0.36 0.7 0.84 0.85 0.49 0.29 0.24 0.65 0.53 
0.025 0.47 0.15 0.58 0.81 0.066 0.16 0.88 0.59 
0.47 0.25 0.38 0.26 0.34 0.33 0.25 0.17 0.71 
0.93 0.84 0.97 0.83 0.014 0.96 0.064 0.69 0.74 
0.094 0.85 0.23 0.15 0.56 0.71 0.16 0.33 0.57 
0.15 0.0054 0.25 0.057 0.56 0.25 0.86 0.55 0.36 
0.26 0.55 0.7 0.12 0.064 0.27 0.076 0.23 0.039 
0.68 0.21 0.14 0.83 0.3 0.77 0.81 0.27 0.23 
0.35 0.4 0.63 0.67 0.61 0.88 0.64 0.024 0.1 
0.97 0.41 0.64 0.52 0.7 0.97 
0.78 0.76 0.95 0.19 0.75 0.97 

0.094 0.96 0.84 0.99 0.97 0.83 
0.8 0.22 0.2 0.38 0.34 0.97 
0.13 0.81 0.43 0.69 0.14 0.79 0.88 0.56 0.64 
0.36 0.7 0.84 0.85 0.49 0.29 0.24 0.65 0.53 
0.025 0.47 0.15 0.58 0.81 0.066 0.16 0.88 0.59 
0.47 0.25 0.38 0.26 0.34 0.33 0.25 0.17 0.71 
0.93 0.84 0.97 0.83 0.014 0.96 0.064 0.69 0.74 
0.094 0.85 0.23 0.15 0.56 0.71 0.16 0.33 0.57 
0.15 0.0054 0.25 0.057 0.56 0.25 0.86 0.55 0.36 
0.26 0.55 0.7 0.12 0.064 0.27 0.076 0.23 0.039 
0.68 0.21 0.14 0.83 0.3 0.77 0.81 0.27 0.23 
0.35 0.4 0.63 0.67 0.61 0.88 0.64 0.024 0.1 
0.97 0.41 0.64 0.52 0.7 0.97 
0.78 0.76 0.95 0.19 0.75 0.97 

0.094 0.96 0.84 0.99 0.97 0.83 
0.8 0.22 0.2 0.38 0.34 0.97 
0.13 0.81 0.43 0.69 0.14 0.79 0.88 0.56 0.64 
0.36 0.7 0.84 0.85 0.49 0.29 0.24 0.65 0.53 
0.025 0.47 0.15 0.58 0.81 0.066 0.16 0.88 0.59 
0.47 0.25 0.38 0.26 0.34 0.33 0.25 0.17 0.71 
0.93 0.84 0.97 0.83 0.014 0.96 0.064 0.69 0.74 
0.094 0.85 0.23 0.15 0.56 0.71 0.16 0.33 0.57 
0.15 0.0054 0.25 0.057 0.56 0.25 0.86 0.55 0.36 
0.26 0.55 0.7 0.12 0.064 0.27 0.076 0.23 0.039 
0.68 0.21 0.14 0.83 0.3 0.77 0.81 0.27 0.23 
0.35 0.4 0.63 0.67 0.61 0.88 0.64 0.024 0.1 
0.97 0.41 0.64 0.52 0.7 0.97 
0.78 0.76 0.95 0.19 0.75 0.97 

0.094 0.96 0.84 0.99 0.97 0.83 
0.8 0.22 0.2 0.38 0.34 0.97 
0.13 0.81 0.43 0.69 0.14 0.79 0.88 0.56 0.64 
0.36 0.7 0.84 0.85 0.49 0.29 0.24 0.65 0.53 
0.025 0.47 0.15 0.58 0.81 0.066 0.16 0.88 0.59 
0.47 0.25 0.38 0.26 0.34 0.33 0.25 0.17 0.71 
0.93 0.84 0.97 0.83 0.014 0.96 0.064 0.69 0.74 
0.094 0.85 0.23 0.15 0.56 0.71 0.16 0.33 0.57 
0.15 0.0054 0.25 0.057 0.56 0.25 0.86 0.55 0.36 
0.26 0.55 0.7 0.12 0.064 0.27 0.076 0.23 0.039 
0.68 0.21 0.14 0.83 0.3 0.77 0.81 0.27 0.23 
0.35 0.4 0.63 0.67 0.61 0.88 0.64 0.024 0.1 
0.97 0.41 0.64 0.52 0.7 0.97 
0.78 0.76 0.95 0.19 0.75 0.97 

0.094 0.96 0.84 0.99 0.97 0.83 
0.8 0.22 0.2 0.38 0.34 0.97 
0.13 0.81 0.43 0.69 0.14 0.79 0.88 0.56 0.64 
0.36 0.7 0.84 0.85 0.49 0.29 0.24 0.65 0.53 
0.025 0.47 0.15 0.58 0.81 0.066 0.16 0.88 0.59 
0.47 0.25 0.38 0.26 0.34 0.33 0.25 0.17 0.71 
0.93 0.84 0.97 0.83 0.014 0.96 0.064 0.69 0.74 
0.094 0.85 0.23 0.15 0.56 0.71 0.16 0.33 0.57 
0.15 0.0054 0.25 0.057 0.56 0.25 0.86 0.55 0.36 
0.26 0.55 0.7 0.12 0.064 0.27 0.076 0.23 0.039 
0.68 0.21 0.14 0.83 0.3 0.77 0.81 0.27 0.23 
0.35 0.4 0.63 0.67 0.61 0.88 0.64 0.024 0.1 
0.97 0.41 0.64 0.52 0.7 0.97 
0.78 0.76 0.95 0.19 0.75 0.97 

0.094 0.96 0.84 0.99 0.97 0.83 
0.8 0.22 0.2 0.38 0.34 0.97 
0.13 0.81 0.43 0.69 0.14 0.79 0.88 0.56 0.64 
0.36 0.7 0.84 0.85 0.49 0.29 0.24 0.65 0.53 
0.025 0.47 0.15 0.58 0.81 0.066 0.16 0.88 0.59 
0.47 0.25 0.38 0.26 0.34 0.33 0.25 0.17 0.71 
0.93 0.84 0.97 0.83 0.014 0.96 0.064 0.69 0.74 
0.094 0.85 0.23 0.15 0.56 0.71 0.16 0.33 0.57 
0.15 0.0054 0.25 0.057 0.56 0.25 0.86 0.55 0.36 
0.26 0.55 0.7 0.12 0.064 0.27 0.076 0.23 0.039 
0.68 0.21 0.14 0.83 0.3 0.77 0.81 0.27 0.23 
0.35 0.4 0.63 0.67 0.61 0.88 0.64 0.024 0.1 
0.97 0.41 0.64 0.52 0.7 0.97 
0.78 0.76 0.95 0.19 0.75 0.97 

0.094 0.96 0.84 0.99 0.97 0.83 
0.8 0.22 0.2 0.38 0.34 0.97 
0.13 0.81 0.43 0.69 0.14 0.79 0.88 0.56 0.64 
0.36 0.7 0.84 0.85 0.49 0.29 0.24 0.65 0.53 
0.025 0.47 0.15 0.58 0.81 0.066 0.16 0.88 0.59 
0.47 0.25 0.38 0.26 0.34 0.33 0.25 0.17 0.71 
0.93 0.84 0.97 0.83 0.014 0.96 0.064 0.69 0.74 
0.094 0.85 0.23 0.15 0.56 0.71 0.16 0.33 0.57 
0.15 0.0054 0.25 0.057 0.56 0.25 0.86 0.55 0.36 
0.26 0.55 0.7 0.12 0.064 0.27 0.076 0.23 0.039 
0.68 0.21 0.14 0.83 0.3 0.77 0.81 0.27 0.23 
0.35 0.4 0.63 0.67 0.61 0.88 0.64 0.024 0.1 
0.97 0.41 0.64 0.52 0.7 0.97 
0.78 0.76 0.95 0.19 0.75 0.97 

0.094 0.96 0.84 0.99 0.97 0.83 
0.8 0.22 0.2 0.38 0.34 0.97 
0.13 0.81 0.43 0.69 0.14 0.79 0.88 0.56 0.64 
0.36 0.7 0.84 0.85 0.49 0.29 0.24 0.65 0.53 
0.025 0.47 0.15 0.58 0.81 0.066 0.16 0.88 0.59 
0.47 0.25 0.38 0.26 0.34 0.33 0.25 0.17 0.71 
0.93 0.84 0.97 0.83 0.014 0.96 0.064 0.69 0.74 
0.094 0.85 0.23 0.15 0.56 0.71 0.16 0.33 0.57 
0.15 0.0054 0.25 0.057 0.56 0.25 0.86 0.55 0.36 
0.26 0.55 0.7 0.12 0.064 0.27 0.076 0.23 0.039 
0.68 0.21 0.14 0.83 0.3 0.77 0.81 0.27 0.23 
0.35 0.4 0.63 0.67 0.61 0.88 0.64 0.024 0.1 
0.97 0.41 0.64 0.52 0.7 0.97 
0.78 0.76 0.95 0.19 0.75 0.97 

0.094 0.96 0.84 0.99 0.97 0.83 
0.8 0.22 0.2 0.38 0.34 0.97 
0.13 0.81 0.43 0.69 0.14 0.79 0.88 0.56 0.64 
0.36 0.7 0.84 0.85 0.49 0.29 0.24 0.65 0.53 
0.025 0.47 0.15 0.58 0.81 0.066 0.16 0.88 0.59 
0.47 0.25 0.38 0.26 0.34 0.33 0.25 0.17 0.71 
0.93 0.84 0.97 0.83 0.014 0.96 0.064 0.69 0.74 
0.094 0.85 0.23 0.15 0.56 0.71 0.16 0.33 0.57 
0.15 0.0054 0.25 0.057 0.56 0.25 0.86 0.55 0.36 
0.26 0.55 0.7 0.12 0.064 0.27 0.076 0.23 0.039 
0.68 0.21 0.14 0.83 0.3 0.77 0.81 0.27 0.23 
0.35 0.4 0.63 0.67 0.61 0.88 0.64 0.024 0.1 
0.97 0.41 0.64 0.52 0.7 0.97 
0.78 0.76 0.95 0.19 0.75 0.97 

0.094 0.96 0.84 0.99 0.97 0.83 
0.8 0.22 0.2 0.38 0.34 0.97 
0.13 0.81 0.43 0.69 0.14 0.79 0.88 0.56 0.64 
0.36 0.7 0.84 0.85 0.49 0.29 0.24 0.65 0.53 
0.025 0.47 0.15 0.58 0.81 0.066 0.16 0.88 0.59 
0.47 0.25 0.38 0.26 0.34 0.33 0.25 0.17 0.71 
0.93 0.84 0.97 0.83 0.014 0.96 0.064 0.69 0.74 
0.094 0.85 0.23 0.15 0.56 0.71 0.16 0.33 0.57 
0.15 0.0054 0.25 0.057 0.56 0.25 0.86 0.55 0.36 
0.26 0.55 0.7 0.12 0.064 0.27 0.076 0.23 0.039 
0.68 0.21 0.14 0.83 0.3 0.77 0.81 0.27 0.23 
0.35 0.4 0.63 0.67 0.61 0.88 0.64 0.024 0.1 
0.97 0.41 0.64 0.52 0.7 0.97 
0.78 0.76 0.95 0.19 0.75 0.97 

0.094 0.96 0.84 0.99 0.97 0.83 
0.8 0.22 0.2 0.38 0.34 0.97 
0.13 0.81 0.43 0.69 0.14 0.79 0.88 0.56 0.64 
0.36 0.7 0.84 0.85 0.49 0.29 0.24 0.65 0.53 
0.025 0.47 0.15 0.58 0.81 0.066 0.16 0.88 0.59 
0.47 0.25 0.38 0.26 0.34 0.33 0.25 0.17 0.71 
0.93 0.84 0.97 0.83 0.014 0.96 0.064 0.69 0.74 
0.094 0.85 0.23 0.15 0.56 0.71 0.16 0.33 0.57 
0.15 0.0054 0.25 0.057 0.56 0.25 0.86 0.55 0.36 
0.26 0.55 0.7 0.12 0.064 0.27 0.076 0.23 0.039 
0.68 0.21 0.14 0.83 0.3 0.77 0.81 0.27 0.23 
0.35 0.4 0.63 0.67 0.61 0.88 0.64 0.024 0.1 
0.97 0.41 0.64 0.52 0.7 0.97 
0.78 0.76 0.95 0.19 0.75 0.97 

0.094 0.96 0.84 0.99 0.97 0.83 
0.8 0.22 0.2 0.38 0.34 0.97 
0.13 0.81 0.43 0.69 0.14 0.79 0.88 0.56 0.64 
0.36 0.7 0.84 0.85 0.49 0.29 0.24 0.65 0.53 
0.025 0.47 0.15 0.58 0.81 0.066 0.16 0.88 0.59 
0.47 0.25 0.38 0.26 0.34 0.33 0.25 0.17 0.71 
0.93 0.84 0.97 0.83 0.014 0.96 0.064 0.69 0.74 
0.094 0.85 0.23 0.15 0.56 0.71 0.16 0.33 0.57 
0.15 0.0054 0.25 0.057 0.56 0.25 0.86 0.55 0.36 
0.26 0.55 0.7 0.12 0.064 0.27 0.076 0.23 0.039 
0.68 0.21 0.14 0.83 0.3 0.77 0.81 0.27 0.23 
0.35 0.4 0.63 0.67 0.61 0.88 0.64 0.024 0.1 
0.97 0.41 0.64 0.52 0.7 0.97 
0.78 0.76 0.95 0.19 0.75 0.97 

0.094 0.96 0.84 0.99 0.97 0.83 
0.8 0.22 0.2 0.38 0.34 0.97 
0.13 0.81 0.43 0.69 0.14 0.79 0.88 0.56 0.64 
0.36 0.7 0.84 0.85 0.49 0.29 0.24 0.65 0.53 
0.025 0.47 0.15 0.58 0.81 0.066 0.16 0.88 0.59 
0.47 0.25 0.38 0.26 0.34 0.33 0.25 0.17 0.71 
0.93 0.84 0.97 0.83 0.014 0.96 0.064 0.69 0.74 
0.094 0.85 0.23 0.15 0.56 0.71 0.16 0.33 0.57 
0.15 0.0054 0.25 0.057 0.56 0.25 0.86 0.55 0.36 
0.26 0.55 0.7 0.12 0.064 0.27 0.076 0.23 0.039 
0.68 0.21 0.14 0.83 0.3 0.77 0.81 0.27 0.23 
0.35 0.4 0.63 0.67 0.61 0.88 0.64 0.024 0.1 
0.97 0.41 0.64 0.52 0.7 0.97 
0.78 0.76 0.95 0.19 0.75 0.97 

0.094 0.96 0.84 0.99 0.97 0.83 
0.8 0.22 0.2 0.38 0.34 0.97 
0.13 0.81 0.43 0.69 0.14 0.79 0.88 0.56 0.64 
0.36 0.7 0.84 0.85 0.49 0.29 0.24 0.65 0.53 
0.025 0.47 0.15 0.58 0.81 0.066 0.16 0.88 0.59 
0.47 0.25 0.38 0.26 0.34 0.33 0.25 0.17 0.71 
0.93 0.84 0.97 0.83 0.014 0.96 0.064 0.69 0.74 
0.094 0.85 0.23 0.15 0.56 0.71 0.16 0.33 0.57 
0.15 0.0054 0.25 0.057 0.56 0.25 0.86 0.55 0.36 
0.26 0.55 0.7 0.12 0.064 0.27 0.076 0.23 0.039 
0.68 0.21 0.14 0.83 0.3 0.77 0.81 0.27 0.23 
0.35 0.4 0.63 0.67 0.61 0.88 0.64 0.024 0.1 
0.97 0.41 0.64 0.52 0.7 0.97 
0.78 0.76 0.95 0.19 0.75 0.97 

0.094 0.96 0.84 0.99 0.97 0.83 
0.8 0.22 0.2 0.38 0.34 0.97 
0.13 0.81 0.43 0.69 0.14 0.79 0.88 0.56 0.64 
0.36 0.7 0.84 0.85 0.49 0.29 0.24 0.65 0.53 
0.025 0.47 0.15 0.58 0.81 0.066 0.16 0.88 0.59 
0.47 0.25 0.38 0.26 0.34 0.33 0.25 0.17 0.71 
0.93 0.84 0.97 0.83 0.014 0.96 0.064 0.69 0.74 
0.094 0.85 0.23 0.15 0.56 0.71 0.16 0.33 0.57 
0.15 0.0054 0.25 0.057 0.56 0.25 0.86 0.55 0.36 
0.26 0.55 0.7 0.12 0.064 0.27 0.076 0.23 0.039 
0.68 0.21 0.14 0.83 0.3 0.77 0.81 0.27 0.23 
0.35 0.4 0.63 0.67 0.61 0.88 0.64 0.024 0.1 
0.97 0.41 0.64 0.52 0.7 0.97 
0.78 0.76 0.95 0.19 0.75 0.97 

0.094 0.96 0.84 0.99 0.97 0.83 
0.8 0.22 0.2 0.38 0.34 0.97 
0.13 0.81 0.43 0.69 0.14 0.79 0.88 0.56 0.64 
0.36 0.7 0.84 0.85 0.49 0.29 0.24 0.65 0.53 
0.025 0.47 0.15 0.58 0.81 0.066 0.16 0.88 0.59 
0.47 0.25 0.38 0.26 0.34 0.33 0.25 0.17 0.71 
0.93 0.84 0.97 0.83 0.014 0.96 0.064 0.69 0.74 
0.094 0.85 0.23 0.15 0.56 0.71 0.16 0.33 0.57 
0.15 0.0054 0.25 0.057 0.56 0.25 0.86 0.55 0.36 
0.26 0.55 0.7 0.12 0.064 0.27 0.076 0.23 0.039 
0.68 0.21 0.14 0.83 0.3 0.77 0.81 0.27 0.23 
0.35 0.4 0.63 0.67 0.61 0.88 0.64 0.024 0.1 
0.97 0.41 0.64 0.52 0.7 0.97 
0.78 0.76 0.95 0.19 0.75 0.97 

0.094 0.96 0.84 0.99 0.97 0.83 
0.8 0.22 0.2 0.38 0.34 0.97 
0.13 0.81 0.43 0.69 0.14 0.79 0.88 0.56 0.64 
0.36 0.7 0.84 0.85 0.49 0.29 0.24 0.65 0.53 
0.025 0.47 0.15 0.58 0.81 0.066 0.16 0.88 0.59 
0.47 0.25 0.38 0.26 0.34 0.33 0.25 0.17 0.71 
0.93 0.84 0.97 0.83 0.014 0.96 0.064 0.69 0.74 
0.094 0.85 0.23 0.15 0.56 0.71 0.16 0.33 0.57 
0.15 0.0054 0.25 0.057 0.56 0.25 0.86 0.55 0.36 
0.26 0.55 0.7 0.12 0.064 0.27 0.076 0.23 0.039 
0.68 0.21 0.14 0.83 0.3 0.77 0.81 0.27 0.23 
0.35 0.4 0.63 0.67 0.61 0.88 0.64 0.024 0.1 
0.97 0.41 0.64 0.52 0.7 0.97 
0.78 0.76 0.95 0.19 0.75 0.97 

0.094 0.96 0.84 0.99 0.97 0.83 
0.8 0.22 0.2 0.38 0.34 0.97 
0.13 0.81 0.43 0.69 0.14 0.79 0.88 0.56 0.64 
0.36 0.7 0.84 0.85 0.49 0.29 0.24 0.65 0.53 
0.025 0.47 0.15 0.58 0.81 0.066 0.16 0.88 0.59 
0.47 0.25 0.38 0.26 0.34 0.33 0.25 0.17 0.71 
0.93 0.84 0.97 0.83 0.014 0.96 0.064 0.69 0.74 
0.094 0.85 0.23 0.15 0.56 0.71 0.16 0.33 0.57 
0.15 0.0054 0.25 0.057 0.56 0.25 0.86 0.55 0.36 
0.26 0.55 0.7 0.12 0.064 0.27 0.076 0.23 0.039 
0.68 0.21 0.14 0.83 0.3 0.77 0.81 0.27 0.23 
0.35 0.4 0.63 0.67 0.61 0.88 0.64 0.024 0.1 
0.97 0.41 0.64 0.52 0.7 0.97 
0.78 0.76 0.95 0.19 0.75 0.97 

0.094 0.96 0.84 0.99 0.97 0.83 
0.8 0.22 0.2 0.38 0.34 0.97 
0.13 0.81 0.43 0.69 0.14 0.79 0.88 0.56 0.64 
0.36 0.7 0.84 0.85 0.49 0.29 0.24 0.65 0.53 
0.025 0.47 0.15 0.58 0.81 0.066 0.16 0.88 0.59 
0.47 0.25 0.38 0.26 0.34 0.33 0.25 0.17 0.71 
0.93 0.84 0.97 0.83 0.014 0.96 0.064 0.69 0.74 
0.094 0.85 0.23 0.15 0.56 0.71 0.16 0.33 0.57 
0.15 0.0054 0.25 0.057 0.56 0.25 0.86 0.55 0.36 
0.26 0.55 0.7 0.12 0.064 0.27 0.076 0.23 0.039 
0.68 0.21 0.14 0.83 0.3 0.77 0.81 0.27 0.23 
0.35 0.4 0.63 0.67 0.61 0.88 0.64 0.024 0.1 
0.97 0.41 0.64 0.52 0.7 0.97 
0.78 0.76 0.95 0.19 0.75 0.97 

0.094 0.96 0.84 0.99 0.97 0.83 
0.8 0.22 0.2 0.38 0.34 0.97 
0.13 0.81 0.43 0.69 0.14 0.79 0.88 0.56 0.64 
0.36 0.7 0.84 0.85 0.49 0.29 0.24 0.65 0.53 
0.025 0.47 0.15 0.58 0.81 0.066 0.16 0.88 0.59 
0.47 0.25 0.38 0.26 0.34 0.33 0.25 0.17 0.71 
0.93 0.84 0.97 0.83 0.014 0.96 0.064 0.69 0.74 
0.094 0.85 0.23 0.15 0.56 0.71 0.16 0.33 0.57 
0.15 0.0054 0.25 0.057 0.56 0.25 0.86 0.55 0.36 
0.26 0.55 0.7 0.12 0.064 0.27 0.076 0.23 0.039 
0.68 0.21 0.14 0.83 0.3 0.77 0.81 0.27 0.23 
0.35 0.4 0.63 0.67 0.61 0.88 0.64 0.024 0.1 
0.97 0.41 0.64 0.52 0.7 0.97 
0.78 0.76 0.95 0.19 0.75 0.97 

0.094 0.96 0.84 0.99 0.97 0.83 
0.8 0.22 0.2 0.38 0.34 0.97 
0.13 0.81 0.43 0.69 0.14 0.79 0.88 0.56 0.64 
0.36 0.7 0.84 0.85 0.49 0.29 0.24 0.65 0.53 
0.025 0.47 0.15 0.58 0.81 0.066 0.16 0.88 0.59 
0.47 0.25 0.38 0.26 0.34 0.33 0.25 0.17 0.71 
0.93 0.84 0.97 0.83 0.014 0.96 0.064 0.69 0.74 
0.094 0.85 0.23 0.15 0.56 0.71 0.16 0.33 0.57 
0.15 0.0054 0.25 0.057 0.56 0.25 0.86 0.55 0.36 
0.26 0.55 0.7 0.12 0.064 0.27 0.076 0.23 0.039 
0.68 0.21 0.14 0.83 0.3 0.77 0.81 0.27 0.23 
0.35 0.4 0.63 0.67 0.61 0.88 0.64 0.024 0.1 
0.97 0.41 0.64 0.52 0.7 0.97 
0.78 0.76 0.95 0.19 0.75 0.97 

0.094 0.96 0.84 0.99 0.97 0.83 
0.8 0.22 0.2 0.38 0.34 0.97 
0.13 0.81 0.43 0.69 0.14 0.79 0.88 0.56 0.64 
0.36 0.7 0.84 0.85 0.49 0.29 0.24 0.65 0.53 
0.025 0.47 0.15 0.58 0.81 0.066 0.16 0.88 0.59 
0.47 0.25 0.38 0.26 0.34 0.33 0.25 0.17 0.71 
0.93 0.84 0.97 0.83 0.014 0.96 0.064 0.69 0.74 
0.094 0.85 0.23 0.15 0.56 0.71 0.16 0.33 0.57 
0.15 0.0054 0.25 0.057 0.56 0.25 0.86 0.55 0.36 
0.26 0.55 0.7 0.12 0.064 0.27 0.076 0.23 0.039 
0.68 0.21 0.14 0.83 0.3 0.77 0.81 0.27 0.23 
0.35 0.4 0.63 0.67 0.61 0.88 0.64 0.024 0.1 
0.97 0.41 0.64 0.52 0.7 0.97 
0.78 0.76 0.95 0.19 0.75 0.97 

0.094 0.96 0.84 0.99 0.97 0.83 
0.8 0.22 0.2 0.38 0.34 0.97 
0.13 0.81 0.43 0.69 0.14 0.79 0.88 0.56 0.64 
0.36 0.7 0.84 0.85 0.49 0.29 0.24 0.65 0.53 
0.025 0.47 0.15 0.58 0.81 0.066 0.16 0.88 0.59 
0.47 0.25 0.38 0.26 0.34 0.33 0.25 0.17 0.71 
0.93 0.84 0.97 0.83 0.014 0.96 0.064 0.69 0.74 
0.094 0.85 0.23 0.15 0.56 0.71 0.16 0.33 0.57 
0.15 0.0054 0.25 0.057 0.56 0.25 0.86 0.55 0.36 
0.26 0.55 0.7 0.12 0.064 0.27 0.076 0.23 0.039 
0.68 0.21 0.14 0.83 0.3 0.77 0.81 0.27 0.23 
0.35 0.4 0.63 0.67 0.61 0.88 0.64 0.024 0.1 
0.97 0.41 0.64 0.52 0.7 0.97 
0.78 0.76 0.95 0.19 0.75 0.97 

0.094 0.96 0.84 0.99 0.97 0.83 
0.8 0.22 0.2 0.38 0.34 0.97 
0.13 0.81 0.43 0.69 0.14 0.79 0.88 0.56 0.64 
0.36 0.7 0.84 0.85 0.49 0.29 0.24 0.65 0.53 
0.025 0.47 0.15 0.58 0.81 0.066 0.16 0.88 0.59 
0.47 0.25 0.38 0.26 0.34 0.33 0.25 0.17 0.71 
0.93 0.84 0.97 0.83 0.014 0.96 0.064 0.69 0.74 
0.094 0.85 0.23 0.15 0.56 0.71 0.16 0.33 0.57 
0.15 0.0054 0.25 0.057 0.56 0.25 0.86 0.55 0.36 
0.26 0.55 0.7 0.12 0.064 0.27 0.076 0.23 0.039 
0.68 0.21 0.14 0.83 0.3 0.77 0.81 0.27 0.23 
0.35 0.4 0.63 0.67 0.61 0.88 0.64 0.024 0.1 
0.97 0.41 0.64 0.52 0.7 0.97 
0.78 0.76 0.95 0.19 0.75 0.97 

0.094 0.96 0.84 0.99 0.97 0.83 
0.8 0.22 0.2 0.38 0.34 0.97 
0.13 0.81 0.43 0.69 0.14 0.79 0.88 0.56 0.64 
0.36 0.7 0.84 0.85 0.49 0.29 0.24 0.65 0.53 
0.025 0.47 0.15 0.58 0.81 0.066 0.16 0.88 0.59 
0.47 0.25 0.38 0.26 0.34 0.33 0.25 0.17 0.71 
0.93 0.84 0.97 0.83 0.014 0.96 0.064 0.69 0.74 
0.094 0.85 0.23 0.15 0.56 0.71 0.16 0.33 0.57 
0.15 0.0054 0.25 0.057 0.56 0.25 0.86 0.55 0.36 
0.26 0.55 0.7 0.12 0.064 0.27 0.076 0.23 0.039 
0.68 0.21 0.14 0.83 0.3 0.77 0.81 0.27 0.23 
0.35 0.4 0.63 0.67 0.61 0.88 0.64 0.024 0.1 
0.97 0.41 0.64 0.52 0.7 0.97 
0.78 0.76 0.95 0.19 0.75 0.97 

0.094 0.96 0.84 0.99 0.97 0.83 
0.8 0.22 0.2 0.38 0.34 0.97 
0.13 0.81 0.43 0.69 0.14 0.79 0.88 0.56 0.64 
0.36 0.7 0.84 0.85 0.49 0.29 0.24 0.65 0.53 
0.025 0.47 0.15 0.58 0.81 0.066 0.16 0.88 0.59 
0.47 0.25 0.38 0.26 0.34 0.33 0.25 0.17 0.71 
0.93 0.84 0.97 0.83 0.014 0.96 0.064 0.69 0.74 
0.094 0.85 0.23 0.15 0.56 0.71 0.16 0.33 0.57 
0.15 0.0054 0.25 0.057 0.56 0.25 0.86 0.55 0.36 
0.26 0.55 0.7 0.12 0.064 0.27 0.076 0.23 0.039 
0.68 0.21 0.14 0.83 0.3 0.77 0.81 0.27 0.23 
0.35 0.4 0.63 0.67 0.61 0.88 0.64 0.024 0.1 
0.97 0.41 0.64 0.52 0.7 0.97 
0.78 0.76 0.95 0.19 0.75 0.97 

0.094 0.96 0.84 0.99 0.97 0.83 
0.8 0.22 0.2 0.38 0.34 0.97 
0.13 0.81 0.43 0.69 0.14 0.79 0.88 0.56 0.64 
0.36 0.7 0.84 0.85 0.49 0.29 0.24 0.65 0.53 
0.025 0.47 0.15 0.58 0.81 0.066 0.16 0.88 0.59 
0.47 0.25 0.38 0.26 0.34 0.33 0.25 0.17 0.71 
0.93 0.84 0.97 0.83 0.014 0.96 0.064 0.69 0.74 
0.094 0.85 0.23 0.15 0.56 0.71 0.16 0.33 0.57 
0.15 0.0054 0.25 0.057 0.56 0.25 0.86 0.55 0.36 
0.26 0.55 0.7 0.12 0.064 0.27 0.076 0.23 0.039 
0.68 0.21 0.14 0.83 0.3 0.77 0.81 0.27 0.23 
0.35 0.4 0.63 0.67 0.61 0.88 0.64 0.024 0.1 
0.97 0.41 0.64 0.52 0.7 0.97 
0.78 0.76 0.95 0.19 0.75 0.97 

0.094 0.96 0.84 0.99 0.97 0.83 
0.8 0.22 0.2 0.38 0.34 0.97 
0.13 0.81 0.43 0.69 0.14 0.79 0.88 0.56 0.64 
0.36 0.7 0.84 0.85 0.49 0.29 0.24 0.65 0.53 
0.025 0.47 0.15 0.58 0.81 0.066 0.16 0.88 0.59 
0.47 0.25 0.38 0.26 0.34 0.33 0.25 0.17 0.71 
0.93 0.84 0.97 0.83 0.014 0.96 0.064 0.69 0.74 
0.094 0.85 0.23 0.15 0.56 0.71 0.16 0.33 0.57 
0.15 0.0054 0.25 0.057 0.56 0.25 0.86 0.55 0.36 
0.26 0.55 0.7 0.12 0.064 0.27 0.076 0.23 0.039 
0.68 0.21 0.14 0.83 0.3 0.77 0.81 0.27 0.23 
0.35 0.4 0.63 0.67 0.61 0.88 0.64 0.024 0.1 
0.97 0.41 0.64 0.52 0.7 0.97 
0.78 0.76 0.95 0.19 0.75 0.97 

0.094 0.96 0.84 0.99 0.97 0.83 
0.8 0.22 0.2 0.38 0.34 0.97 
0.13 0.81 0.43 0.69 0.14 0.79 0.88 0.56 0.64 
0.36 0.7 0.84 0.85 0.49 0.29 0.24 0.65 0.53 
0.025 0.47 0.15 0.58 0.81 0.066 0.16 0.88 0.59 
0.47 0.25 0.38 0.26 0.34 0.33 0.25 0.17 0.71 
0.93 0.84 0.97 0.83 0.014 0.96 0.064 0.69 0.74 
0.094 0.85 0.23 0.15 0.56 0.71 0.16 0.33 0.57 
0.15 0.0054 0.25 0.057 0.56 0.25 0.86 0.55 0.36 
0.26 0.55 0.7 0.12 0.064 0.27 0.076 0.23 0.039 
0.68 0.21 0.14 0.83 0.3 0.77 0.81 0.27 0.23 
0.35 0.4 0.63 0.67 0.61 0.88 0.64 0.024 0.1 
0.97 0.41 0.64 0.52 0.7 0.97 
0.78 0.76 0.95 0.19 0.75 0.97 

0.094 0.96 0.76 0.99 0.97 0.75 
0.8 0.22 0.2 0.38 0.34 0.97 
0.13 0.81 0.43 0.69 0.14 0.79 0.88 0.56 0.64 
0.36 0.7 0.84 0.85 0.49 0.29 0.24 0.65 0.53 
0.025 0.47 0.15 0.58 0.81 0.066 0.16 0.88 0.59 
0.47 0.25 0.38 0.26 0.34 0.33 0.25 0.17 0.71 
0.93 0.84 0.97 0.83 0.014 0.96 0.064 0.69 0.74 
0.094 0.85 0.23 0.15 0.56 0.71 0.16 0.33 0.57 
0.15 0.0054 0.25 0.057 0.56 0.25 0.86 0.55 0.36 
0.26 0.55 0.7 0.12 0.064 0.27 0.076 0.23 0.039 
0.68 0.21 0.14 0.83 0.3 0.77 0.81 0.27 0.23 
0.35 0.4 0.63 0.67 0.61 0.88 0.64 0.024 0.1 
0.97 0.41 0.64 0.52 0.7 0.97 
0.78 0.76 0.95 0.19 0.75 0.97 

0.094 0.96 0.76 0.99 0.97 0.75 
0.8 0.22 0.18 0.38 0.34 0.87 
0.13 0.81 0.39 0.69 0.14 0.71 0.88 0.56 0.57 
0.36 0.7 0.84 0.85 0.49 0.29 0.24 0.65 0.53 
0.025 0.47 0.15 0.58 0.81 0.066 0.16 0.88 0.59 
0.47 0.25 0.38 0.26 0.34 0.33 0.25 0.17 0.71 
0.93 0.84 0.97 0.83 0.014 0.96 0.064 0.69 0.74 
0.094 0.85 0.23 0.15 0.56 0.71 0.16 0.33 0.57 
0.15 0.0054 0.25 0.057 0.56 0.25 0.86 0.55 0.36 
0.26 0.55 0.7 0.12 0.064 0.27 0.076 0.23 0.039 
0.68 0.21 0.14 0.83 0.3 0.77 0.81 0.27 0.23 
0.35 0.4 0.63 0.67 0.61 0.88 0.64 0.024 0.1 
0.97 0.41 0.64 0.52 0.7 0.97 
0.78 0.76 0.95 0.19 0.75 0.97 

0.094 0.96 0.76 0.99 0.97 0.75 
0.8 0.22 0.18 0.38 0.34 0.87 
0.13 0.81 0.39 0.69 0.14 0.71 0.88 0.56 0.57 
0.36 0.7 0.84 0.85 0.49 0.29 0.24 0.65 0.53 
0.025 0.47 0.15 0.58 0.81 0.066 0.16 0.88 0.59 
0.47 0.25 0.38 0.26 0.34 0.33 0.25 0.17 0.71 
0.93 0.84 0.97 0.83 0.014 0.96 0.064 0.69 0.74 
0.094 0.85 0.23 0.15 0.56 0.71 0.16 0.33 0.57 
0.15 0.0054 0.25 0.057 0.56 0.25 0.86 0.55 0.36 
0.26 0.55 0.7 0.12 0.064 0.27 0.076 0.23 0.039 
0.68 0.21 0.14 0.83 0.3 0.77 0.81 0.27 0.23 
0.35 0.4 0.63 0.67 0.61 0.88 0.64 0.024 0.1 
0.97 0.41 0.64 0.52 0.7 0.97 
0.78 0.76 0.95 0.19 0.75 0.97 

0.094 0.96 0.76 0.99 0.97 0.75 
0.8 0.22 0.18 0.38 0.34 0.87 
0.13 0.81 0.39 0.69 0.14 0.71 0.88 0.56 0.57 
0.36 0.7 0.84 0.85 0.49 0.29 0.24 0.65 0.53 
0.025 0.47 0.15 0.58 0.81 0.066 0.16 0.88 0.59 
0.47 0.25 0.38 0.26 0.34 0.33 0.25 0.17 0.71 
0.93 0.84 0.97 0.83 0.014 0.96 0.064 0.69 0.74 
0.094 0.85 0.23 0.15 0.56 0.71 0.16 0.33 0.57 
0.15 0.0054 0.25 0.057 0.56 0.25 0.86 0.55 0.36 
0.26 0.55 0.7 0.12 0.064 0.27 0.076 0.23 0.039 
0.68 0.21 0.14 0.83 0.3 0.77 0.81 0.27 0.23 
0.35 0.36 0.63 0.67 0.55 0.88 0.64 0.022 0.1 
0.97 0.37 0.64 0.52 0.63 0.97 
0.78 0.76 0.95 0.19 0.75 0.97 

0.094 0.96 0.76 0.99 0.97 0.75 
0.8 0.22 0.18 0.38 0.34 0.87 
0.13 0.81 0.39 0.69 0.14 0.71 0.88 0.56 0.57 
0.36 0.7 0.84 0.85 0.49 0.29 0.24 0.65 0.53 
0.025 0.47 0.15 0.58 0.81 0.066 0.16 0.88 0.59 
0.47 0.25 0.38 0.26 0.34 0.33 0.25 0.17 0.71 
0.93 0.84 0.97 0.83 0.014 0.96 0.064 0.69 0.74 
0.094 0.85 0.23 0.15 0.56 0.71 0.16 0.33 0.57 
0.15 0.0054 0.25 0.057 0.56 0.25 0.86 0.55 0.36 
0.26 0.49 0.7 0.12 0.058 0.27 0.076 0.21 0.039 
0.68 0.21 0.14 0.83 0.3 0.77 0.81 0.27 0.23 
0.35 0.36 0.63 0.67 0.55 0.88 0.64 0.022 0.1 
0.97 0.37 0.64 0.52 0.63 0.97 
0.78 0.76 0.95 0.19 0.75 0.97 

0.094 0.96 0.76 0.99 0.97 0.75 
0.8 0.22 0.18 0.38 0.34 0.87 
0.13 0.81 0.39 0.69 0.14 0.71 0.88 0.56 0.57 
0.36 0.7 0.84 0.85 0.49 0.29 0.24 0.65 0.53 
0.025 0.47 0.15 0.58 0.81 0.066 0.16 0.88 0.59 
0.47 0.25 0.38 0.26 0.34 0.33 0.25 0.17 0.71 
0.93 0.84 0.97 0.83 0.014 0.96 0.064 0.69 0.74 
0.094 0.85 0.23 0.15 0.56 0.71 0.16 0.33 0.57 
0.15 0.0054 0.25 0.057 0.56 0.25 0.86 0.55 0.36 
0.26 0.49 0.7 0.12 0.058 0.27 0.076 0.21 0.039 
0.68 0.21 0.14 0.83 0.3 0.77 0.81 0.27 0.23 
0.35 0.36 0.63 0.67 0.55 0.88 0.64 0.022 0.1 
0.97 0.37 0.64 0.52 0.63 0.97 
0.78 0.76 0.95 0.19 0.75 0.97 

0.094 0.96 0.76 0.99 0.97 0.75 
0.8 0.22 0.18 0.38 0.34 0.87 
0.13 0.81 0.39 0.69 0.14 0.71 0.88 0.56 0.57 
0.36 0.7 0.84 0.85 0.49 0.29 0.24 0.65 0.53 
0.025 0.47 0.15 0.58 0.81 0.066 0.16 0.88 0.59 
0.47 0.25 0.38 0.26 0.34 0.33 0.25 0.17 0.71 
0.93 0.84 0.97 0.83 0.014 0.96 0.064 0.69 0.74 
0.094 0.85 0.23 0.15 0.56 0.71 0.16 0.33 0.57 
0.15 0.0054 0.25 0.057 0.56 0.25 0.86 0.55 0.36 
0.26 0.49 0.7 0.12 0.058 0.27 0.076 0.21 0.039 
0.68 0.21 0.14 0.83 0.3 0.77 0.81 0.27 0.23 
0.35 0.36 0.63 0.67 0.55 0.88 0.64 0.022 0.1 
0.97 0.37 0.64 0.52 0.63 0.97 
0.78 0.76 0.95 0.19 0.75 0.97 

0.094 0.96 0.76 0.99 0.97 0.75 
0.8 0.22 0.18 0.38 0.34 0.87 
0.13 0.81 0.39 0.69 0.14 0.71 0.88 0.56 0.57 
0.36 0.7 0.84 0.85 0.49 0.29 0.24 0.65 0.53 
0.025 0.47 0.15 0.58 0.81 0.066 0.16 0.88 0.59 
0.47 0.25 0.38 0.26 0.34 0.33 0.25 0.17 0.71 
0.93 0.84 0.97 0.83 0.014 0.96 0.064 0.69 0.74 
0.094 0.85 0.23 0.15 0.56 0.71 0.16 0.33 0.57 
0.15 0.0054 0.25 0.057 0.56 0.25 0.86 0.55 0.36 
0.26 0.49 0.7 0.12 0.058 0.27 0.076 0.21 0.039 
0.68 0.21 0.14 0.83 0.3 0.77 0.81 0.27 0.23 
0.35 0.36 0.63 0.67 0.55 0.88 0.64 0.022 0.1 
0.97 0.37 0.64 0.52 0.63 0.97 
0.78 0.76 0.95 0.19 0.75 0.97 

0.094 0.96 0.76 0.99 0.97 0.75 
0.8 0.22 0.18 0.38 0.34 0.87 
0.13 0.81 0.39 0.69 0.14 0.71 0.88 0.56 0.57 
0.36 0.7 0.84 0.85 0.49 0.29 0.24 0.65 0.53 
0.025 0.47 0.15 0.58 0.81 0.066 0.16 0.88 0.59 
0.47 0.25 0.38 0.26 0.34 0.33 0.25 0.17 0.71 
0.93 0.84 0.97 0.83 0.014 0.96 0.064 0.69 0.74 
0.094 0.85 0.23 0.15 0.56 0.71 0.16 0.33 0.57 
0.15 0.0054 0.25 0.057 0.56 0.25 0.86 0.55 0.36 
0.26 0.49 0.7 0.12 0.058 0.27 0.076 0.21 0.039 
0.61 0.21 0.14 0.75 0.3 0.77 0.73 0.27 0.23 
0.35 0.36 0.63 0.67 0.55 0.88 0.64 0.022 0.1 
0.97 0.37 0.64 0.52 0.63 0.97 
0.78 0.76 0.95 0.19 0.75 0.97 

0.094 0.96 0.76 0.99 0.97 0.75 
0.8 0.22 0.18 0.38 0.34 0.87 
0.13 0.81 0.39 0.69 0.14 0.71 0.88 0.56 0.57 
0.36 0.7 0.84 0.85 0.49 0.29 0.24 0.65 0.53 
0.025 0.47 0.15 0.58 0.81 0.066 0.16 0.88 0.59 
0.47 0.25 0.38 0.26 0.34 0.33 0.25 0.17 0.71 
0.93 0.84 0.97 0.83 0.014 0.96 0.064 0.69 0.74 
0.094 0.85 0.23 0.15 0.56 0.71 0.16 0.33 0.57 
0.15 0.0054 0.22 0.057 0.56 0.23 0.86 0.55 0.32 
0.26 0.49 0.7 0.12 0.058 0.27 0.076 0.21 0.039 
0.61 0.21 0.14 0.75 0.3 0.77 0.73 0.27 0.23 
0.35 0.36 0.63 0.67 0.55 0.88 0.64 0.022 0.1 
0.97 0.37 0.64 0.52 0.63 0.97 
0.78 0.76 0.95 0.19 0.75 0.97 

0.094 0.96 0.76 0.99 0.97 0.75 
0.8 0.22 0.18 0.38 0.34 0.87 
0.13 0.81 0.39 0.69 0.14 0.71 0.88 0.56 0.57 
0.36 0.7 0.84 0.85 0.49 0.29 0.24 0.65 0.53 
0.025 0.47 0.15 0.58 0.81 0.066 0.16 0.88 0.59 
0.47 0.25 0.38 0.26 0.34 0.33 0.25 0.17 0.71 
0.93 0.84 0.97 0.83 0.014 0.96 0.064 0.69 0.74 
0.094 0.85 0.23 0.15 0.56 0.71 0.16 0.33 0.57 
0.15 0.0054 0.22 0.057 0.56 0.23 0.86 0.55 0.32 
0.26 0.49 0.7 0.12 0.058 0.27 0.076 0.21 0.039 
0.61 0.21 0.14 0.75 0.3 0.77 0.73 0.27 0.23 
0.35 0.36 0.63 0.67 0.55 0.88 0.64 0.022 0.1 
0.97 0.37 0.64 0.52 0.63 0.97 
0.78 0.76 0.95 0.19 0.75 0.97 

0.094 0.96 0.76 0.99 0.97 0.75 
0.8 0.22 0.18 0.38 0.34 0.87 
0.13 0.81 0.39 0.69 0.14 0.71 0.88 0.56 0.57 
0.36 0.7 0.84 0.85 0.49 0.29 0.24 0.65 0.53 
0.025 0.47 0.15 0.58 0.81 0.066 0.16 0.88 0.59 
0.47 0.25 0.38 0.26 0.34 0.33 0.25 0.17 0.71 
0.93 0.84 0.97 0.83 0.014 0.96 0.064 0.69 0.74 
0.094 0.85 0.23 0.15 0.56 0.71 0.16 0.33 0.57 
0.15 0.0054 0.22 0.057 0.56 0.23 0.86 0.55 0.32 
0.26 0.49 0.7 0.12 0.058 0.27 0.076 0.21 0.039 
0.61 0.21 0.14 0.75 0.3 0.77 0.73 0.27 0.23 
0.35 0.36 0.63 0.67 0.55 0.88 0.64 0.022 0.1 
0.97 0.37 0.64 0.52 0.63 0.97 
0.78 0.76 0.95 0.19 0.75 0.97 

0.094 0.96 0.76 0.99 0.97 0.75 
0.8 0.22 0.18 0.38 0.34 0.87 
0.13 0.81 0.39 0.69 0.14 0.71 0.88 0.56 0.57 
0.36 0.7 0.84 0.85 0.49 0.29 0.24 0.65 0.53 
0.025 0.47 0.15 0.58 0.81 0.066 0.16 0.88 0.59 
0.47 0.25 0.38 0.26 0.34 0.33 0.25 0.17 0.71 
0.93 0.84 0.97 0.83 0.014 0.96 0.064 0.69 0.74 
0.094 0.85 0.23 0.15 0.56 0.71 0.16 0.33 0.57 
0.15 0.0054 0.22 0.057 0.56 0.23 0.86 0.55 0.32 
0.26 0.49 0.7 0.12 0.058 0.27 0.076 0.21 0.039 
0.61 0.21 0.14 0.75 0.3 0.77 0.73 0.27 0.23 
0.35 0.36 0.63 0.67 0.55 0.88 0.64 0.022 0.1 
0.97 0.37 0.64 0.52 0.63 0.97 
0.78 0.76 0.95 0.19 0.75 0.97 

0.094 0.96 0.76 0.99 0.97 0.75 
0.8 0.22 0.18 0.38 0.34 0.87 
0.13 0.81 0.39 0.69 0.14 0.71 0.88 0.56 0.57 
0.36 0.7 0.84 0.85 0.49 0.29 0.24 0.65 0.53 
0.025 0.47 0.15 0.58 0.81 0.066 0.16 0.88 0.59 
0.47 0.25 0.38 0.26 0.34 0.33 0.25 0.17 0.71 
0.93 0.84 0.97 0.83 0.014 0.96 0.064 0.69 0.74 
0.094 0.85 0.23 0.15 0.56 0.71 0.16 0.33 0.57 
0.15 0.0054 0.22 0.057 0.56 0.23 0.86 0.55 0.32 
0.26 0.49 0.7 0.12 0.058 0.27 0.076 0.21 0.039 
0.61 0.21 0.14 0.75 0.3 0.77 0.73 0.27 0.23 
0.35 0.36 0.63 0.67 0.55 0.88 0.64 0.022 0.1 
0.97 0.37 0.64 0.52 0.63 0.97 
0.78 0.76 0.95 0.19 0.75 0.97 

0.094 0.96 0.76 0.99 0.97 0.75 
0.8 0.22 0.18 0.38 0.34 0.87 
0.13 0.81 0.39 0.69 0.14 0.71 0.88 0.56 0.57 
0.36 0.7 0.84 0.85 0.49 0.29 0.24 0.65 0.53 
0.025 0.47 0.15 0.58 0.81 0.066 0.16 0.88 0.59 
0.47 0.25 0.38 0.26 0.34 0.33 0.25 0.17 0.71 
0.93 0.84 0.97 0.83 0.014 0.96 0.064 0.69 0.74 
0.094 0.85 0.23 0.15 0.56 0.71 0.16 0.33 0.57 
0.15 0.0054 0.22 0.057 0.56 0.23 0.86 0.55 0.32 
0.26 0.49 0.7 0.12 0.058 0.27 0.076 0.21 0.039 
0.61 0.21 0.14 0.75 0.3 0.77 0.73 0.27 0.23 
0.35 0.36 0.63 0.67 0.55 0.88 0.64 0.022 0.1 
0.97 0.37 0.64 0.52 0.63 0.97 
0.78 0.76 0.95 0.19 0.75 0.97 

0.094 0.96 0.76 0.99 0.97 0.75 
0.8 0.22 0.18 0.38 0.34 0.87 
0.13 0.81 0.39 0.69 0.14 0.71 0.88 0.56 0.57 
0.36 0.7 0.84 0.85 0.49 0.29 0.24 0.65 0.53 
0.025 0.47 0.15 0.58 0.81 0.066 0.16 0.88 0.59 
0.47 0.25 0.38 0.26 0.34 0.33 0.25 0.17 0.71 
0.93 0.84 0.97 0.83 0.014 0.96 0.064 0.69 0.74 
0.094 0.85 0.23 0.15 0.56 0.71 0.16 0.33 0.57 
0.15 0.0054 0.22 0.057 0.56 0.23 0.86 0.55 0.32 
0.26 0.49 0.7 0.12 0.058 0.27 0.076 0.21 0.039 
0.61 0.21 0.14 0.75 0.3 0.77 0.73 0.27 0.23 
0.35 0.36 0.63 0.67 0.55 0.88 0.64 0.022 0.1 
0.97 0.37 0.64 0.52 0.63 0.97 
0.78 0.76 0.95 0.19 0.75 0.97 

0.094 0.96 0.76 0.99 0.97 0.75 
0.8 0.22 0.18 0.38 0.34 0.87 
0.13 0.81 0.39 0.69 0.14 0.71 0.88 0.56 0.57 
0.36 0.7 0.84 0.85 0.49 0.29 0.24 0.65 0.53 
0.025 0.47 0.15 0.58 0.81 0.066 0.16 0.88 0.59 
0.47 0.25 0.38 0.26 0.34 0.33 0.25 0.17 0.71 
0.93 0.84 0.97 0.83 0.014 0.96 0.064 0.69 0.74 
0.094 0.85 0.23 0.15 0.56 0.71 0.16 0.33 0.57 
0.15 0.0054 0.22 0.057 0.56 0.23 0.86 0.55 0.32 
0.26 0.49 0.7 0.12 0.058 0.27 0.076 0.21 0.039 
0.61 0.21 0.14 0.75 0.3 0.77 0.73 0.27 0.23 
0.35 0.36 0.63 0.67 0.55 0.88 0.64 0.022 0.1 
0.97 0.37 0.64 0.52 0.63 0.97 
0.78 0.76 0.95 0.19 0.75 0.97 

0.094 0.96 0.76 0.99 0.97 0.75 
0.8 0.22 0.18 0.38 0.34 0.87 
0.13 0.81 0.39 0.69 0.14 0.71 0.88 0.56 0.57 
0.36 0.7 0.84 0.85 0.49 0.29 0.24 0.65 0.53 
0.025 0.47 0.15 0.58 0.81 0.066 0.16 0.88 0.59 
0.47 0.25 0.38 0.26 0.34 0.33 0.25 0.17 0.71 
0.93 0.84 0.97 0.83 0.014 0.96 0.064 0.69 0.74 
0.094 0.85 0.23 0.15 0.56 0.71 0.16 0.33 0.57 
0.15 0.0054 0.22 0.057 0.56 0.23 0.86 0.55 0.32 
0.26 0.49 0.7 0.12 0.058 0.27 0.076 0.21 0.039 
0.61 0.21 0.14 0.75 0.3 0.77 0.73 0.27 0.23 
0.35 0.36 0.63 0.67 0.55 0.88 0.64 0.022 0.1 
0.97 0.37 0.64 0.52 0.63 0.97 
0.78 0.76 0.95 0.19 0.75 0.97 

0.094 0.96 0.76 0.99 0.97 0.75 
0.8 0.22 0.18 0.38 0.34 0.87 
0.13 0.81 0.39 0.69 0.14 0.71 0.88 0.56 0.57 
0.36 0.7 0.84 0.85 0.49 0.29 0.24 0.65 0.53 
0.025 0.47 0.15 0.58 0.81 0.066 0.16 0.88 0.59 
0.47 0.25 0.38 0.26 0.34 0.33 0.25 0.17 0.71 
0.93 0.84 0.97 0.83 0.014 0.96 0.064 0.69 0.74 
0.094 0.85 0.23 0.15 0.56 0.71 0.16 0.33 0.57 
0.15 0.0054 0.22 0.057 0.56 0.23 0.86 0.55 0.32 
0.26 0.49 0.7 0.12 0.058 0.27 0.076 0.21 0.039 
0.61 0.21 0.14 0.75 0.3 0.77 0.73 0.27 0.23 
0.35 0.36 0.63 0.67 0.55 0.88 0.64 0.022 0.1 
0.97 0.37 0.64 0.52 0.63 0.97 
0.7 0.76 0.95 0.17 0.75 0.97 

0.094 0.96 0.76 0.99 0.97 0.75 
0.8 0.22 0.18 0.38 0.34 0.87 
0.13 0.81 0.39 0.69 0.14 0.71 0.88 0.56 0.57 
0.36 0.7 0.84 0.85 0.49 0.29 0.24 0.65 0.53 
0.025 0.47 0.15 0.58 0.81 0.066 0.16 0.88 0.59 
0.47 0.25 0.38 0.26 0.34 0.33 0.25 0.17 0.71 
0.93 0.84 0.97 0.83 0.014 0.96 0.064 0.69 0.74 
0.094 0.85 0.23 0.15 0.56 0.71 0.16 0.33 0.57 
0.15 0.0054 0.22 0.057 0.56 0.23 0.86 0.55 0.32 
0.26 0.49 0.7 0.12 0.058 0.27 0.076 0.21 0.039 
0.61 0.21 0.14 0.75 0.3 0.77 0.73 0.27 0.23 
0.35 0.36 0.63 0.67 0.55 0.88 0.64 0.022 0.1 
0.97 0.37 0.64 0.52 0.63 0.97 
0.7 0.76 0.95 0.17 0.75 0.97 

0.094 0.96 0.76 0.99 0.97 0.75 
0.8 0.22 0.18 0.38 0.34 0.87 
0.13 0.81 0.39 0.69 0.14 0.71 0.88 0.56 0.57 
0.36 0.7 0.84 0.85 0.49 0.29 0.24 0.65 0.53 
0.025 0.47 0.15 0.58 0.81 0.066 0.16 0.88 0.59 
0.47 0.25 0.38 0.26 0.34 0.33 0.25 0.17 0.71 
0.93 0.84 0.97 0.83 0.014 0.96 0.064 0.69 0.74 
0.094 0.85 0.23 0.15 0.56 0.71 0.16 0.33 0.57 
0.15 0.0054 0.22 0.057 0.56 0.23 0.86 0.55 0.32 
0.26 0.49 0.7 0.12 0.058 0.27 0.076 0.21 0.039 
0.61 0.21 0.14 0.75 0.3 0.77 0.73 0.27 0.23 
0.35 0.36 0.63 0.67 0.55 0.88 0.64 0.022 0.1 
0.97 0.37 0.64 0.52 0.63 0.97 
0.7 0.76 0.95 0.17 0.75 0.97 

0.094 0.96 0.76 0.99 0.97 0.75 
0.8 0.22 0.18 0.38 0.34 0.87 
0.13 0.81 0.39 0.69 0.14 0.71 0.88 0.56 0.57 
0.36 0.7 0.84 0.85 0.49 0.29 0.24 0.65 0.53 
0.025 0.47 0.15 0.58 0.81 0.066 0.16 0.88 0.59 
0.47 0.25 0.38 0.26 0.34 0.33 0.25 0.17 0.71 
0.93 0.84 0.97 0.83 0.014 0.96 0.064 0.69 0.74 
0.094 0.85 0.23 0.15 0.56 0.71 0.16 0.33 0.57 
0.15 0.0054 0.22 0.057 0.56 0.23 0.86 0.55 0.32 
0.26 0.49 0.7 0.12 0.058 0.27 0.076 0.21 0.039 
0.61 0.21 0.14 0.75 0.3 0.77 0.73 0.27 0.23 
0.35 0.36 0.63 0.67 0.55 0.88 0.64 0.022 0.1 
0.97 0.37 0.64 0.52 0.63 0.97 
0.63 0.76 0.95 0.15 0.75 0.97 

0.094 0.96 0.76 0.99 0.97 0.75 
0.8 0.22 0.18 0.38 0.34 0.87 
0.13 0.81 0.39 0.69 0.14 0.71 0.88 0.56 0.57 
0.36 0.7 0.84 0.85 0.49 0.29 0.24 0.65 0.53 
0.025 0.47 0.15 0.58 0.81 0.066 0.16 0.88 0.59 
0.47 0.25 0.38 0.26 0.34 0.33 0.25 0.17 0.71 
0.93 0.84 0.97 0.83 0.014 0.96 0.064 0.69 0.74 
0.094 0.85 0.23 0.15 0.56 0.71 0.16 0.33 0.57 
0.15 0.0054 0.22 0.057 0.56 0.23 0.86 0.55 0.32 
0.26 0.49 0.7 0.12 0.058 0.27 0.076 0.21 0.039 
0.61 0.21 0.14 0.75 0.3 0.77 0.73 0.27 0.23 
0.35 0.36 0.63 0.67 0.55 0.88 0.64 0.022 0.1 
0.97 0.37 0.58 0.52 0.63 0.88 
0.63 0.76 0.95 0.15 0.75 0.97 

0.094 0.96 0.76 0.99 0.97 0.75 
0.8 0.22 0.18 0.38 0.34 0.87 
0.13 0.81 0.39 0.69 0.14 0.71 0.88 0.56 0.57 
0.36 0.7 0.84 0.85 0.49 0.29 0.24 0.65 0.53 
0.025 0.47 0.15 0.58 0.81 0.066 0.16 0.88 0.59 
0.47 0.25 0.38 0.26 0.34 0.33 0.25 0.17 0.71 
0.93 0.84 0.97 0.83 0.014 0.96 0.064 0.69 0.74 
0.094 0.85 0.23 0.15 0.56 0.71 0.16 0.33 0.57 
0.15 0.0054 0.22 0.057 0.56 0.23 0.86 0.55 0.32 
0.26 0.49 0.7 0.12 0.058 0.27 0.076 0.21 0.039 
0.61 0.21 0.14 0.75 0.3 0.77 0.73 0.27 0.23 
0.35 0.36 0.63 0.67 0.55 0.88 0.64 0.022 0.1 
0.97 0.37 0.58 0.52 0.63 0.88 
0.57 0.76 0.95 0.14 0.75 0.97 

0.094 0.96 0.76 0.99 0.97 0.75 
0.8 0.22 0.18 0.38 0.34 0.87 
0.13 0.81 0.39 0.69 0.14 0.71 0.88 0.56 0.57 
0.36 0.7 0.84 0.85 0.49 0.29 0.24 0.65 0.53 
0.025 0.47 0.15 0.58 0.81 0.066 0.16 0.88 0.59 
0.47 0.25 0.38 0.26 0.34 0.33 0.25 0.17 0.71 
0.93 0.84 0.97 0.83 0.014 0.96 0.064 0.69 0.74 
0.094 0.85 0.23 0.15 0.56 0.71 0.16 0.33 0.57 
0.15 0.0054 0.22 0.057 0.56 0.23 0.86 0.55 0.32 
0.26 0.49 0.7 0.12 0.058 0.27 0.076 0.21 0.039 
0.61 0.21 0.14 0.75 0.3 0.77 0.73 0.27 0.23 
0.35 0.36 0.57 0.67 0.55 0.79 0.64 0.022 0.09 
0.97 0.33 0.58 0.52 0.57 0.88 
0.57 0.76 0.95 0.14 0.75 0.97 

0.094 0.96 0.76 0.99 0.97 0.75 
0.8 0.22 0.18 0.38 0.34 0.87 
0.13 0.81 0.39 0.69 0.14 0.71 0.88 0.56 0.57 
0.36 0.7 0.84 0.85 0.49 0.29 0.24 0.65 0.53 
0.025 0.47 0.15 0.58 0.81 0.066 0.16 0.88 0.59 
0.47 0.25 0.38 0.26 0.34 0.33 0.25 0.17 0.71 
0.93 0.84 0.97 0.83 0.014 0.96 0.064 0.69 0.74 
0.094 0.85 0.23 0.15 0.56 0.71 0.16 0.33 0.57 
0.15 0.0054 0.22 0.057 0.56 0.23 0.86 0.55 0.32 
0.26 0.49 0.7 0.12 0.058 0.27 0.076 0.21 0.039 
0.61 0.21 0.14 0.75 0.3 0.77 0.73 0.27 0.23 
0.35 0.36 0.57 0.67 0.55 0.79 0.64 0.022 0.09 
0.88 0.33 0.58 0.47 0.57 0.88 
0.57 0.76 0.95 0.14 0.75 0.88 

0.094 0.96 0.76 0.99 0.97 0.75 
0.8 0.22 0.18 0.38 0.34 0.87 
0.13 0.81 0.39 0.69 0.14 0.71 0.88 0.56 0.57 
0.36 0.7 0.84 0.85 0.49 0.29 0.24 0.65 0.53 
0.025 0.47 0.15 0.58 0.81 0.066 0.16 0.88 0.59 
0.47 0.25 0.38 0.26 0.34 0.33 0.25 0.17 0.71 
0.93 0.84 0.97 0.83 0.014 0.96 0.064 0.69 0.74 
0.094 0.85 0.23 0.15 0.56 0.71 0.16 0.33 0.57 
0.15 0.0054 0.22 0.057 0.56 0.23 0.86 0.55 0.32 
0.26 0.49 0.7 0.12 0.058 0.27 0.076 0.21 0.039 
0.61 0.21 0.14 0.75 0.3 0.77 0.73 0.27 0.23 
0.35 0.36 0.51 0.67 0.55 0.71 0.64 0.022 0.081 
0.88 0.3 0.58 0.47 0.51 0.88 
0.57 0.76 0.95 0.14 0.75 0.88 

0.094 0.96 0.76 0.99 0.97 0.75 
0.8 0.22 0.18 0.38 0.34 0.87 
0.13 0.81 0.39 0.69 0.14 0.71 0.88 0.56 0.57 
0.36 0.7 0.84 0.85 0.49 0.29 0.24 0.65 0.53 
0.025 0.47 0.15 0.58 0.81 0.066 0.16 0.88 0.59 
0.47 0.25 0.38 0.26 0.34 0.33 0.25 0.17 0.71 
0.93 0.84 0.97 0.83 0.014 0.96 0.064 0.69 0.74 
0.094 0.85 0.23 0.15 0.56 0.71 0.16 0.33 0.57 
0.15 0.0054 0.22 0.057 0.56 0.23 0.86 0.55 0.32 
0.26 0.49 0.7 0.12 0.058 0.27 0.076 0.21 0.039 
0.61 0.21 0.14 0.75 0.3 0.77 0.73 0.27 0.23 
0.35 0.36 0.51 0.67 0.55 0.71 0.64 0.022 0.081 
0.88 0.27 0.58 0.47 0.46 0.88 
0.57 0.76 0.85 0.14 0.75 0.88 

0.094 0.96 0.76 0.99 0.97 0.75 
0.8 0.22 0.18 0.38 0.34 0.87 
0.13 0.81 0.39 0.69 0.14 0.71 0.88 0.56 0.57 
0.36 0.7 0.84 0.85 0.49 0.29 0.24 0.65 0.53 
0.025 0.47 0.15 0.58 0.81 0.066 0.16 0.88 0.59 
0.47 0.25 0.38 0.26 0.34 0.33 0.25 0.17 0.71 
0.93 0.84 0.97 0.83 0.014 0.96 0.064 0.69 0.74 
0.094 0.85 0.23 0.15 0.56 0.71 0.16 0.33 0.57 
0.15 0.0054 0.22 0.057 0.56 0.23 0.86 0.55 0.32 
0.26 0.49 0.7 0.12 0.058 0.27 0.076 0.21 0.039 
0.61 0.21 0.14 0.75 0.3 0.77 0.73 0.27 0.23 
0.35 0.33 0.51 0.67 0.5 0.71 0.64 0.019 0.081 
0.88 0.27 0.58 0.47 0.46 0.88 
0.57 0.76 0.85 0.14 0.75 0.79 

0.094 0.96 0.76 0.99 0.97 0.75 
0.8 0.22 0.18 0.38 0.34 0.87 
0.13 0.81 0.39 0.69 0.14 0.71 0.88 0.56 0.57 
0.36 0.7 0.84 0.85 0.49 0.29 0.24 0.65 0.53 
0.025 0.47 0.15 0.58 0.81 0.066 0.16 0.88 0.59 
0.47 0.25 0.38 0.26 0.34 0.33 0.25 0.17 0.71 
0.93 0.84 0.97 0.83 0.014 0.96 0.064 0.69 0.74 
0.094 0.85 0.23 0.15 0.56 0.71 0.16 0.33 0.57 
0.15 0.0054 0.22 0.057 0.56 0.23 0.86 0.55 0.32 
0.26 0.49 0.7 0.12 0.058 0.27 0.076 0.21 0.039 
0.61 0.21 0.14 0.75 0.3 0.77 0.73 0.27 0.23 
0.35 0.33 0.51 0.67 0.5 0.71 0.64 0.019 0.081 
0.88 0.27 0.58 0.47 0.46 0.88 
0.57 0.76 0.85 0.14 0.75 0.79 

0.094 0.96 0.76 0.99 0.97 0.75 
0.8 0.22 0.18 0.38 0.34 0.87 
0.13 0.81 0.39 0.69 0.14 0.71 0.88 0.56 0.57 
0.36 0.7 0.84 0.85 0.49 0.29 0.24 0.65 0.53 
0.025 0.47 0.15 0.58 0.81 0.066 0.16 0.88 0.59 
0.47 0.25 0.38 0.26 0.34 0.33 0.25 0.17 0.71 
0.93 0.84 0.97 0.83 0.014 0.96 0.064 0.69 0.74 
0.094 0.85 0.23 0.15 0.56 0.71 0.16 0.33 0.57 
0.15 0.0054 0.22 0.057 0.56 0.23 0.86 0.55 0.32 
0.26 0.49 0.7 0.12 0.058 0.27 0.076 0.21 0.039 
0.61 0.21 0.14 0.75 0.3 0.77 0.73 0.27 0.23 
0.35 0.33 0.51 0.67 0.5 0.71 0.64 0.019 0.081 
0.88 0.27 0.58 0.47 0.46 0.88 
0.57 0.76 0.85 0.14 0.75 0.79 

0.094 0.96 0.76 0.99 0.97 0.75 
0.8 0.22 0.18 0.38 0.34 0.87 
0.13 0.81 0.39 0.69 0.14 0.71 0.88 0.56 0.57 
0.36 0.7 0.84 0.85 0.49 0.29 0.24 0.65 0.53 
0.025 0.47 0.15 0.58 0.81 0.066 0.16 0.88 0.59 
0.47 0.25 0.38 0.26 0.34 0.33 0.25 0.17 0.71 
0.93 0.84 0.97 0.83 0.014 0.96 0.064 0.69 0.74 
0.094 0.85 0.23 0.15 0.56 0.71 0.16 0.33 0.57 
0.15 0.0054 0.22 0.057 0.56 0.23 0.86 0.55 0.32 
0.26 0.49 0.7 0.12 0.058 0.27 0.076 0.21 0.039 
0.61 0.21 0.14 0.75 0.3 0.77 0.73 0.27 0.23 
0.35 0.33 0.51 0.67 0.5 0.71 0.64 0.019 0.081 
0.88 0.27 0.58 0.47 0.46 0.88 
0.57 0.76 0.85 0.14 0.75 0.79 

0.094 0.96 0.76 0.99 0.97 0.75 
0.8 0.22 0.18 0.38 0.34 0.87 
0.13 0.81 0.39 0.69 0.14 0.71 0.88 0.56 0.57 
0.36 0.7 0.84 0.85 0.49 0.29 0.24 0.65 0.53 
0.025 0.47 0.15 0.58 0.81 0.066 0.16 0.88 0.59 
0.47 0.25 0.38 0.26 0.34 0.33 0.25 0.17 0.71 
0.93 0.84 0.97 0.83 0.014 0.96 0.064 0.69 0.74 
0.094 0.85 0.23 0.15 0.56 0.71 0.16 0.33 0.57 
0.15 0.0054 0.22 0.057 0.56 0.23 0.86 0.55 0.32 
0.26 0.49 0.7 0.12 0.058 0.27 0.076 0.21 0.039 
0.61 0.21 0.14 0.75 0.3 0.77 0.73 0.27 0.23 
0.35 0.33 0.51 0.67 0.5 0.71 0.64 0.019 0.081 
0.88 0.27 0.58 0.47 0.46 0.88 
0.57 0.76 0.85 0.14 0.75 0.79 

0.094 0.96 0.76 0.99 0.97 0.75 
0.8 0.22 0.18 0.38 0.34 0.87 
0.13 0.81 0.39 0.69 0.14 0.71 0.88 0.56 0.57 
0.36 0.7 0.84 0.85 0.49 0.29 0.24 0.65 0.53 
0.025 0.47 0.15 0.58 0.81 0.066 0.16 0.88 0.59 
0.47 0.25 0.38 0.26 0.34 0.33 0.25 0.17 0.71 
0.93 0.84 0.97 0.83 0.014 0.96 0.064 0.69 0.74 
0.094 0.85 0.23 0.15 0.56 0.71 0.16 0.33 0.57 
0.15 0.0054 0.22 0.057 0.56 0.23 0.86 0.55 0.32 
0.26 0.49 0.7 0.12 0.058 0.27 0.076 0.21 0.039 
0.61 0.21 0.14 0.75 0.3 0.77 0.73 0.27 0.23 
0.35 0.33 0.51 0.67 0.5 0.71 0.64 0.019 0.081 
0.88 0.27 0.58 0.47 0.46 0.88 
0.57 0.76 0.85 0.14 0.75 0.79 

0.094 0.96 0.76 0.99 0.97 0.75 
0.8 0.22 0.18 0.38 0.34 0.87 
0.13 0.81 0.39 0.69 0.14 0.71 0.88 0.56 0.57 
0.36 0.7 0.84 0.85 0.49 0.29 0.24 0.65 0.53 
0.025 0.47 0.15 0.58 0.81 0.066 0.16 0.88 0.59 
0.47 0.25 0.38 0.26 0.34 0.33 0.25 0.17 0.71 
0.93 0.84 0.97 0.83 0.014 0.96 0.064 0.69 0.74 
0.094 0.85 0.23 0.15 0.56 0.71 0.16 0.33 0.57 
0.15 0.0054 0.22 0.057 0.56 0.23 0.86 0.55 0.32 
0.26 0.49 0.7 0.12 0.058 0.27 0.076 0.21 0.039 
0.61 0.21 0.14 0.75 0.3 0.77 0.73 0.27 0.23 
0.35 0.33 0.51 0.67 0.5 0.71 0.64 0.019 0.081 
0.88 0.27 0.58 0.47 0.46 0.88 
0.57 0.76 0.85 0.14 0.75 0.79 

0.094 0.96 0.76 0.99 0.97 0.75 
0.8 0.22 0.18 0.38 0.34 0.87 
0.13 0.81 0.39 0.69 0.14 0.71 0.88 0.56 0.57 
0.36 0.7 0.84 0.85 0.49 0.29 0.24 0.65 0.53 
0.025 0.47 0.15 0.58 0.81 0.066 0.16 0.88 0.59 
0.47 0.25 0.38 0.26 0.34 0.33 0.25 0.17 0.71 
0.93 0.84 0.97 0.83 0.014 0.96 0.064 0.69 0.74 
0.094 0.85 0.23 0.15 0.56 0.71 0.16 0.33 0.57 
0.15 0.0054 0.22 0.057 0.56 0.23 0.86 0.55 0.32 
0.26 0.49 0.7 0.12 0.058 0.27 0.076 0.21 0.039 
0.61 0.21 0.14 0.75 0.3 0.77 0.73 0.27 0.23 
0.35 0.33 0.51 0.67 0.5 0.71 0.64 0.019 0.081 
0.88 0.27 0.58 0.47 0.46 0.88 
0.57 0.76 0.85 0.14 0.75 0.79 

0.094 0.96 0.76 0.99 0.97 0.75 
0.8 0.22 0.18 0.38 0.34 0.87 
0.13 0.81 0.39 0.69 0.14 0.71 0.88 0.56 0.57 
0.36 0.7 0.84 0.85 0.49 0.29 0.24 0.65 0.53 
0.025 0.47 0.15 0.58 0.81 0.066 0.16 0.88 0.59 
0.47 0.25 0.38 0.26 0.34 0.33 0.25 0.17 0.71 
0.93 0.84 0.97 0.83 0.014 0.96 0.064 0.69 0.74 
0.094 0.85 0.23 0.15 0.56 0.71 0.16 0.33 0.57 
0.15 0.0054 0.22 0.057 0.56 0.23 0.86 0.55 0.32 
0.26 0.49 0.7 0.12 0.058 0.27 0.076 0.21 0.039 
0.61 0.21 0.14 0.75 0.3 0.77 0.73 0.27 0.23 
0.35 0.33 0.51 0.67 0.5 0.71 0.64 0.019 0.081 
0.88 0.27 0.58 0.47 0.46 0.88 
0.57 0.76 0.85 0.14 0.75 0.79 

0.094 0.96 0.76 0.99 0.97 0.75 
0.8 0.22 0.18 0.38 0.34 0.87 
0.13 0.81 0.39 0.69 0.14 0.71 0.88 0.56 0.57 
0.36 0.7 0.84 0.85 0.49 0.29 0.24 0.65 0.53 
0.025 0.47 0.15 0.58 0.81 0.066 0.16 0.88 0.59 
0.47 0.25 0.38 0.26 0.34 0.33 0.25 0.17 0.71 
0.93 0.84 0.97 0.83 0.014 0.96 0.064 0.69 0.74 
0.094 0.85 0.23 0.15 0.56 0.71 0.16 0.33 0.57 
0.15 0.0054 0.22 0.057 0.56 0.23 0.86 0.55 0.32 
0.26 0.49 0.7 0.12 0.058 0.27 0.076 0.21 0.039 
0.61 0.21 0.14 0.75 0.3 0.77 0.73 0.27 0.23 
0.35 0.33 0.51 0.67 0.5 0.71 0.64 0.019 0.081 
0.88 0.27 0.58 0.47 0.46 0.88 
0.57 0.76 0.85 0.14 0.75 0.79 

0.094 0.96 0.76 0.99 0.97 0.75 
0.8 0.22 0.18 0.38 0.34 0.87 
0.13 0.81 0.39 0.69 0.14 0.71 0.88 0.56 0.57 
0.36 0.7 0.84 0.85 0.49 0.29 0.24 0.65 0.53 
0.025 0.47 0.15 0.58 0.81 0.066 0.16 0.88 0.59 
0.47 0.25 0.38 0.26 0.34 0.33 0.25 0.17 0.71 
0.93 0.84 0.97 0.83 0.014 0.96 0.064 0.69 0.74 
0.094 0.85 0.23 0.15 0.56 0.71 0.16 0.33 0.57 
0.15 0.0054 0.22 0.057 0.56 0.23 0.86 0.55 0.32 
0.26 0.49 0.7 0.12 0.058 0.27 0.076 0.21 0.039 
0.61 0.21 0.14 0.75 0.3 0.77 0.73 0.27 0.23 
0.35 0.33 0.51 0.67 0.5 0.71 0.64 0.019 0.081 
0.88 0.27 0.58 0.47 0.46 0.88 
0.57 0.76 0.85 0.14 0.75 0.79 

0.094 0.96 0.76 0.99 0.97 0.75 
0.8 0.22 0.18 0.38 0.34 0.87 
0.13 0.81 0.39 0.69 0.14 0.71 0.88 0.56 0.57 
0.36 0.7 0.84 0.85 0.49 0.29 0.24 0.65 0.53 
0.025 0.47 0.15 0.58 0.81 0.066 0.16 0.88 0.59 
0.47 0.25 0.38 0.26 0.34 0.33 0.25 0.17 0.71 
0.93 0.84 0.97 0.83 0.014 0.96 0.064 0.69 0.74 
0.094 0.85 0.23 0.15 0.56 0.71 0.16 0.33 0.57 
0.15 0.0054 0.22 0.057 0.56 0.23 0.86 0.55 0.32 
0.26 0.49 0.7 0.12 0.058 0.27 0.076 0.21 0.039 
0.61 0.21 0.14 0.75 0.3 0.77 0.73 0.27 0.23 
0.35 0.33 0.51 0.67 0.5 0.71 0.64 0.019 0.081 
0.88 0.27 0.58 0.47 0.46 0.88 
0.57 0.76 0.85 0.14 0.75 0.79 

0.094 0.96 0.76 0.99 0.97 0.75 
0.8 0.22 0.18 0.38 0.34 0.87 
0.13 0.81 0.39 0.69 0.14 0.71 0.88 0.56 0.57 
0.36 0.7 0.84 0.85 0.49 0.29 0.24 0.65 0.53 
0.025 0.47 0.15 0.58 0.81 0.066 0.16 0.88 0.59 
0.47 0.25 0.38 0.26 0.34 0.33 0.25 0.17 0.71 
0.93 0.84 0.97 0.83 0.014 0.96 0.064 0.69 0.74 
0.094 0.85 0.23 0.15 0.56 0.71 0.16 0.33 0.57 
0.15 0.0054 0.22 0.057 0.56 0.23 0.86 0.55 0.32 
0.26 0.49 0.7 0.12 0.058 0.27 0.076 0.21 0.039 
0.61 0.21 0.14 0.75 0.3 0.77 0.73 0.27 0.23 
0.35 0.33 0.51 0.67 0.5 0.71 0.64 0.019 0.081 
0.88 0.27 0.58 0.47 0.46 0.88 
0.57 0.76 0.85 0.14 0.75 0.79 

0.094 0.96 0.76 0.99 0.97 0.75 
0.8 0.22 0.18 0.38 0.34 0.87 
0.13 0.81 0.39 0.69 0.14 0.71 0.88 0.56 0.57 
0.36 0.7 0.84 0.85 0.49 0.29 0.24 0.65 0.53 
0.025 0.47 0.15 0.58 0.81 0.066 0.16 0.88 0.59 
0.47 0.25 0.38 0.26 0.34 0.33 0.25 0.17 0.71 
0.93 0.84 0.97 0.83 0.014 0.96 0.064 0.69 0.74 
0.094 0.85 0.23 0.15 0.56 0.71 0.16 0.33 0.57 
0.15 0.0054 0.22 0.057 0.56 0.23 0.86 0.55 0.32 
0.26 0.49 0.7 0.12 0.058 0.27 0.076 0.21 0.039 
0.61 0.21 0.14 0.75 0.3 0.77 0.73 0.27 0.23 
0.35 0.33 0.51 0.67 0.5 0.71 0.64 0.019 0.081 
0.88 0.27 0.58 0.47 0.46 0.88 
0.57 0.76 0.85 0.14 0.75 0.79 

0.094 0.96 0.76 0.99 0.97 0.75 
0.8 0.22 0.18 0.38 0.34 0.87 
0.13 0.81 0.39 0.69 0.14 0.71 0.88 0.56 0.57 
0.36 0.7 0.84 0.85 0.49 0.29 0.24 0.65 0.53 
0.025 0.47 0.15 0.58 0.81 0.066 0.16 0.88 0.59 
0.47 0.25 0.38 0.26 0.34 0.33 0.25 0.17 0.71 
0.93 0.84 0.97 0.83 0.014 0.96 0.064 0.69 0.74 
0.094 0.85 0.23 0.15 0.56 0.71 0.16 0.33 0.57 
0.15 0.0054 0.22 0.057 0.56 0.23 0.86 0.55 0.32 
0.26 0.49 0.7 0.12 0.058 0.27 0.076 0.21 0.039 
0.61 0.21 0.14 0.75 0.3 0.77 0.73 0.27 0.23 
0.35 0.33 0.51 0.67 0.5 0.71 0.64 0.019 0.081 
0.88 0.27 0.58 0.47 0.46 0.88 
0.57 0.76 0.85 0.14 0.75 0.79 

0.094 0.96 0.76 0.99 0.97 0.75 
0.8 0.22 0.18 0.38 0.34 0.87 
0.13 0.81 0.39 0.69 0.14 0.71 0.88 0.56 0.57 
0.36 0.7 0.84 0.85 0.49 0.29 0.24 0.65 0.53 
0.025 0.47 0.15 0.58 0.81 0.066 0.16 0.88 0.59 
0.47 0.25 0.38 0.26 0.34 0.33 0.25 0.17 0.71 
0.93 0.84 0.97 0.83 0.014 0.96 0.064 0.69 0.74 
0.094 0.85 0.23 0.15 0.56 0.71 0.16 0.33 0.57 
0.15 0.0054 0.22 0.057 0.56 0.23 0.86 0.55 0.32 
0.26 0.49 0.7 0.12 0.058 0.27 0.076 0.21 0.039 
0.61 0.21 0.14 0.75 0.3 0.77 0.73 0.27 0.23 
0.35 0.33 0.51 0.67 0.5 0.71 0.64 0.019 0.081 
0.88 0.27 0.58 0.47 0.46 0.88 
0.57 0.76 0.85 0.14 0.75 0.79 

0.094 0.96 0.76 0.99 0.97 0.75 
0.8 0.22 0.18 0.38 0.34 0.87 
0.13 0.81 0.39 0.69 0.14 0.71 0.88 0.56 0.57 
0.36 0.7 0.84 0.85 0.49 0.29 0.24 0.65 0.53 
0.025 0.47 0.15 0.58 0.81 0.066 0.16 0.88 0.59 
0.47 0.25 0.38 0.26 0.34 0.33 0.25 0.17 0.71 
0.93 0.84 0.97 0.83 0.014 0.96 0.064 0.69 0.74 
0.094 0.85 0.23 0.15 0.56 0.71 0.16 0.33 0.57 
0.15 0.0054 0.22 0.057 0.56 0.23 0.86 0.55 0.32 
0.26 0.49 0.7 0.12 0.058 0.27 0.076 0.21 0.039 
0.61 0.21 0.14 0.75 0.3 0.77 0.73 0.27 0.23 
0.35 0.33 0.51 0.67 0.5 0.71 0.64 0.019 0.081 
0.88 0.27 0.58 0.47 0.46 0.88 
0.57 0.76 0.85 0.14 0.75 0.79 

